nohup: ignoring input
/home/nlsde/anaconda3/envs/ddqn/lib/python3.9/site-packages/torch/cuda/__init__.py:141: UserWarning: CUDA initialization: The NVIDIA driver on your system is too old (found version 11060). Please update your GPU driver by downloading and installing a new version from the URL: http://www.nvidia.com/Download/index.aspx Alternatively, go to: https://pytorch.org to install a PyTorch version that has been compiled with your version of the CUDA driver. (Triggered internally at ../c10/cuda/CUDAFunctions.cpp:108.)
  return torch._C._cuda_getDeviceCount() > 0
11 1030
/home/nlsde/RLmodel/Version2/baseline/PPO-wB/model is already exist!
EP:1     reward:1635.3238593565193   avg_reward:1635.3238593565193   time_step:      1000
EP:2     reward:1590.8374700350155   avg_reward:1613.0806646957674   time_step:      1972
EP:3     reward:337.78031766779844   avg_reward:1187.9805490197778   time_step:      2179
EP:4     reward:674.4232516745175    avg_reward:1059.5912246834628   time_step:      2591
EP:5     reward:1634.4611780616383   avg_reward:1174.5652153590977   time_step:      3591
EP:6     reward:1639.776853457992    avg_reward:1252.1004883755802   time_step:      4591
EP:7     reward:1628.7264831858186   avg_reward:1305.9042019199      time_step:      5591
EP:8     reward:170.6563455678192    avg_reward:1163.9982198758898   time_step:      5695
EP:9     reward:133.14580583326517   avg_reward:1049.4590627600426   time_step:      5776
EP:10    reward:43.77087881649024    avg_reward:948.8902443656874    time_step:      5802
EP:11    reward:1632.2427933891838   avg_reward:1011.0132033678234   time_step:      6802
EP:12    reward:152.52566921894748   avg_reward:939.4725755220837    time_step:      6895
EP:13    reward:1637.2229044753522   avg_reward:993.1456777492581    time_step:      7895
EP:14    reward:1518.294069157214    avg_reward:1030.6562771355407   time_step:      8827
EP:15    reward:1636.7269840738877   avg_reward:1071.0609909314305   time_step:      9827
EP:16    reward:1076.088840618369    avg_reward:1071.3752315368642   time_step:     10484
EP:17    reward:993.0423513148672    avg_reward:1066.7674150532173   time_step:     11090
EP:18    reward:1642.7336927934366   avg_reward:1098.7655415943407   time_step:     12090
EP:19    reward:1644.2335748259493   avg_reward:1127.474385448636    time_step:     13090
EP:20    reward:878.832723797602     avg_reward:1115.0423023660842   time_step:     13625
EP:21    reward:153.38375227537654   avg_reward:1069.2490380760505   time_step:     13719
EP:22    reward:1633.77972826063     avg_reward:1094.9095239935314   time_step:     14719
EP:23    reward:1636.3396459459755   avg_reward:1118.4499640784202   time_step:     15719
EP:24    reward:1637.3179242532149   avg_reward:1140.0694624190367   time_step:     16719
EP:25    reward:1389.560236300092    avg_reward:1150.049093374279    time_step:     17572
EP:26    reward:1634.7928035239836   avg_reward:1168.6930822261907   time_step:     18572
EP:27    reward:1637.3367922457135   avg_reward:1186.050256671358    time_step:     19572
EP:28    reward:128.23924488486227   avg_reward:1148.2712919646976   time_step:     19650
EP:29    reward:1644.7887892042208   avg_reward:1165.392584972957    time_step:     20650
EP:30    reward:539.2886265189379    avg_reward:1144.5224530244896   time_step:     20979
EP:31    reward:1630.9295579161817   avg_reward:1160.2130047951894   time_step:     21979
EP:32    reward:1551.4175408891472   avg_reward:1172.4381465481256   time_step:     22929
EP:33    reward:75.24500627212247    avg_reward:1139.189869570065    time_step:     22974
EP:34    reward:1148.6728650158527   avg_reward:1139.4687812008235   time_step:     23674
EP:35    reward:1642.6515399277334   avg_reward:1153.845431450164    time_step:     24674
EP:36    reward:1636.0410989187308   avg_reward:1167.239755546513    time_step:     25674
EP:37    reward:1637.1307861454043   avg_reward:1179.9395131302667   time_step:     26674
EP:38    reward:1630.86713086302     avg_reward:1191.8060293863919   time_step:     27674
EP:39    reward:1635.383289586192    avg_reward:1203.1798052889508   time_step:     28674
EP:40    reward:1639.9388280139658   avg_reward:1214.098780857076    time_step:     29674
EP:41    reward:1641.6308498145572   avg_reward:1224.5263922950635   time_step:     30674
EP:42    reward:1635.2377945722153   avg_reward:1234.3052352064242   time_step:     31674
EP:43    reward:1633.5915856404004   avg_reward:1243.5909642862841   time_step:     32674
EP:44    reward:743.593761722808     avg_reward:1232.2273915007506   time_step:     33128
EP:45    reward:687.5030761270561    avg_reward:1220.1224067146684   time_step:     33548
EP:46    reward:1632.5249044489676   avg_reward:1229.0876784045445   time_step:     34548
EP:47    reward:1439.6821753038244   avg_reward:1233.568412381125    time_step:     35426
EP:48    reward:1634.8788675450178   avg_reward:1241.9290468637062   time_step:     36426
EP:49    reward:1638.1621807478123   avg_reward:1250.0154373511368   time_step:     37426
EP:50    reward:1649.688254222718    avg_reward:1258.0088936885686   time_step:     38426
EP:51    reward:1637.7462402357112   avg_reward:1265.4547240130223   time_step:     39426
EP:52    reward:1639.2196715563794   avg_reward:1272.6425114657793   time_step:     40426
EP:53    reward:1633.8378485149603   avg_reward:1279.4575178251978   time_step:     41426
EP:54    reward:1642.9148704033898   avg_reward:1286.1882095396086   time_step:     42426
EP:55    reward:1178.69726673682     avg_reward:1284.2338287613761   time_step:     43143
EP:56    reward:1638.678671489127    avg_reward:1290.5632009529431   time_step:     44143
EP:57    reward:1638.9848130379798   avg_reward:1296.6758608140842   time_step:     45143
EP:58    reward:1641.30158871238     avg_reward:1302.6176837088822   time_step:     46143
EP:59    reward:1640.040023392321    avg_reward:1308.336706415381    time_step:     47143
EP:60    reward:1634.9183502609096   avg_reward:1313.7797338128066   time_step:     48143
EP:61    reward:1641.3674105130006   avg_reward:1319.150023594777    time_step:     49143
EP:62    reward:1636.1434363448332   avg_reward:1324.2628205746166   time_step:     50143
EP:63    reward:1639.672917401442    avg_reward:1329.2693300480585   time_step:     51143
EP:64    reward:333.97012087051337   avg_reward:1313.7177799046592   time_step:     51348
EP:65    reward:1642.3051748725704   avg_reward:1318.7729705964732   time_step:     52348
EP:66    reward:1642.0435977691807   avg_reward:1323.6710104021204   time_step:     53348
EP:67    reward:1639.1080570927986   avg_reward:1328.3790260243693   time_step:     54348
EP:68    reward:1624.5026397937538   avg_reward:1332.7337850503895   time_step:     55348
EP:69    reward:1331.7865972775046   avg_reward:1332.7200576913622   time_step:     56161
EP:70    reward:1640.1163023782192   avg_reward:1337.1114326154602   time_step:     57161
EP:71    reward:1644.4766020151983   avg_reward:1341.4405195084141   time_step:     58161
EP:72    reward:1638.7348403903372   avg_reward:1345.5696072984408   time_step:     59161
EP:73    reward:1642.9132409570575   avg_reward:1349.6428077595178   time_step:     60161
EP:74    reward:677.5857431916372    avg_reward:1340.5609555356275   time_step:     60572
EP:75    reward:1643.9234381237777   avg_reward:1344.6057886368028   time_step:     61572
EP:76    reward:1642.37282612148     avg_reward:1348.5237759721276   time_step:     62572
EP:77    reward:1646.3518911230565   avg_reward:1352.3916735714902   time_step:     63572
EP:78    reward:1642.1439929190838   avg_reward:1356.1064468964594   time_step:     64572
EP:79    reward:1638.7422774044678   avg_reward:1359.6841156370672   time_step:     65572
EP:80    reward:1637.1240259548358   avg_reward:1363.1521145160393   time_step:     66572
EP:81    reward:1638.8812531214246   avg_reward:1366.556177955612    time_step:     67572
EP:82    reward:1636.6504182437502   avg_reward:1369.8500101542477   time_step:     68572
EP:83    reward:1643.298447841545    avg_reward:1373.1445696444562   time_step:     69572
EP:84    reward:980.5371659121272    avg_reward:1368.470671980976    time_step:     70171
EP:85    reward:1647.7503748186825   avg_reward:1371.7563155437726   time_step:     71171
EP:86    reward:1170.9918653989087   avg_reward:1369.421845193251    time_step:     71880
EP:87    reward:1648.2478519734034   avg_reward:1372.626741822908    time_step:     72880
EP:88    reward:1633.020421617332    avg_reward:1375.585760911481    time_step:     73880
EP:89    reward:1642.595093370036    avg_reward:1378.5858657705658   time_step:     74880
EP:90    reward:1635.9324802329375   avg_reward:1381.4452725979256   time_step:     75880
EP:91    reward:1640.4997806049937   avg_reward:1384.292025433168    time_step:     76880
EP:92    reward:1642.9769921115803   avg_reward:1387.1038185492378   time_step:     77880
EP:93    reward:1642.2532257895025   avg_reward:1389.847360562574    time_step:     78880
EP:94    reward:1641.2118795671652   avg_reward:1392.5214511902825   time_step:     79880
EP:95    reward:1642.352602147834    avg_reward:1395.1512527793095   time_step:     80880
EP:96    reward:1647.5390578351419   avg_reward:1397.7802924153075   time_step:     81880
EP:97    reward:1641.4256100324294   avg_reward:1400.292099813422    time_step:     82880
EP:98    reward:1647.2682669349372   avg_reward:1402.8122647840498   time_step:     83880
EP:99    reward:1642.6691815763945   avg_reward:1405.2350619233664   time_step:     84880
EP:100   reward:1649.6465962565862   avg_reward:1407.6791772666986   time_step:     85880
EP:101   reward:1639.8006251187387   avg_reward:1407.723944924321    time_step:     86880
EP:102   reward:1649.293126209344    avg_reward:1408.3085014860644   time_step:     87880
EP:103   reward:1645.3287536287462   avg_reward:1421.3839858456736   time_step:     88880
EP:104   reward:1649.514625105761    avg_reward:1431.1348995799863   time_step:     89880
EP:105   reward:1642.7445268087822   avg_reward:1431.2177330674576   time_step:     90880
EP:106   reward:1644.4100120796347   avg_reward:1431.2640646536738   time_step:     91880
EP:107   reward:1650.550250268054    avg_reward:1431.4823023244962   time_step:     92880
EP:108   reward:1649.0087732428583   avg_reward:1446.2658266012468   time_step:     93880
EP:109   reward:1654.4523612788503   avg_reward:1461.478892155702    time_step:     94880
EP:110   reward:1639.803626249942    avg_reward:1477.4392196300369   time_step:     95880
EP:111   reward:1642.4085994572197   avg_reward:1477.5408776907173   time_step:     96880
EP:112   reward:1651.3075675723142   avg_reward:1492.5286966742508   time_step:     97880
EP:113   reward:1643.9767454007442   avg_reward:1492.5962350835048   time_step:     98880
EP:114   reward:1636.8281053908922   avg_reward:1493.7815754458416   time_step:     99880
EP:115   reward:1641.996102627914    avg_reward:1493.8342666313818   time_step:    100880
EP:116   reward:1641.7580439190353   avg_reward:1499.490958664389    time_step:    101880
EP:117   reward:1645.6473762007927   avg_reward:1506.0170089132482   time_step:    102880
EP:118   reward:1642.9553893754742   avg_reward:1506.0192258790685   time_step:    103880
EP:119   reward:1646.3675985952439   avg_reward:1506.0405661167615   time_step:    104880
EP:120   reward:1649.8299575127635   avg_reward:1513.750538453913    time_step:    105880
EP:121   reward:1649.0836292817603   avg_reward:1528.7075372239767   time_step:    106880
EP:122   reward:1643.9871949699098   avg_reward:1528.8096118910692   time_step:    107880
EP:123   reward:1644.360447267556    avg_reward:1528.8898199042849   time_step:    108880
EP:124   reward:1651.0788211926144   avg_reward:1529.0274288736791   time_step:    109880
EP:125   reward:1641.673303238143    avg_reward:1531.5485595430596   time_step:    110880
EP:126   reward:1642.2935189909724   avg_reward:1531.6235666977293   time_step:    111880
EP:127   reward:1650.3838469895868   avg_reward:1531.7540372451683   time_step:    112880
EP:128   reward:1647.7049549838607   avg_reward:1546.9486943461586   time_step:    113880
EP:129   reward:1646.391188643051    avg_reward:1546.964718340547    time_step:    114880
EP:130   reward:1649.9614016263724   avg_reward:1558.0714460916213   time_step:    115880
EP:131   reward:1648.110543430629    avg_reward:1558.2432559467657   time_step:    116880
EP:132   reward:1648.4628394620656   avg_reward:1559.213708932495    time_step:    117880
EP:133   reward:1642.9725599713954   avg_reward:1574.8909844694874   time_step:    118880
EP:134   reward:1647.402337712313    avg_reward:1579.878279196452    time_step:    119880
EP:135   reward:1649.9335246166083   avg_reward:1579.951099043341    time_step:    120880
EP:136   reward:1647.352884281071    avg_reward:1580.0642168969644   time_step:    121880
EP:137   reward:1648.051504933469    avg_reward:1580.1734240848452   time_step:    122880
EP:138   reward:1660.4264792638792   avg_reward:1580.4690175688534   time_step:    123880
EP:139   reward:1647.3657342199228   avg_reward:1580.5888420151907   time_step:    124880
EP:140   reward:1651.9598823222861   avg_reward:1580.7090525582742   time_step:    125880
EP:141   reward:1653.9950094051712   avg_reward:1580.8326941541798   time_step:    126880
EP:142   reward:1653.9086590336938   avg_reward:1581.0194027987945   time_step:    127880
EP:143   reward:1652.5008984073072   avg_reward:1581.2084959264635   time_step:    128880
EP:144   reward:1650.9135840821025   avg_reward:1590.2816941500566   time_step:    129880
EP:145   reward:1646.2535710608722   avg_reward:1599.8691990993946   time_step:    130880
EP:146   reward:1654.235443714803    avg_reward:1600.0863044920532   time_step:    131880
EP:147   reward:1653.9549886579964   avg_reward:1602.2290326255948   time_step:    132880
EP:148   reward:1648.7316978093484   avg_reward:1602.3675609282384   time_step:    133880
EP:149   reward:1651.6211505675572   avg_reward:1602.5021506264357   time_step:    134880
EP:150   reward:1659.3784935557114   avg_reward:1602.5990530197657   time_step:    135880
EP:151   reward:1657.1232197746128   avg_reward:1602.7928228151545   time_step:    136880
EP:152   reward:1657.7798766900034   avg_reward:1602.9784248664907   time_step:    137880
EP:153   reward:1649.8319585486956   avg_reward:1603.1383659668281   time_step:    138880
EP:154   reward:1654.0598402154058   avg_reward:1603.2498156649485   time_step:    139880
EP:155   reward:1652.906729113758    avg_reward:1607.9919102887177   time_step:    140880
EP:156   reward:1656.887147421896    avg_reward:1608.173995048045    time_step:    141880
EP:157   reward:1656.3783962695334   avg_reward:1608.3479308803612   time_step:    142880
EP:158   reward:1663.1352501508236   avg_reward:1608.566267494746    time_step:    143880
EP:159   reward:1651.0499493956402   avg_reward:1608.676366754779    time_step:    144880
EP:160   reward:1658.548875311265    avg_reward:1608.912672005283    time_step:    145880
EP:161   reward:1662.6325959798487   avg_reward:1609.125323859951    time_step:    146880
EP:162   reward:1654.2705438919236   avg_reward:1609.3065949354218   time_step:    147880
EP:163   reward:1653.694693231243    avg_reward:1609.44681269372     time_step:    148880
EP:164   reward:1657.389116797117    avg_reward:1622.6810026529863   time_step:    149880
EP:165   reward:1320.3195602023748   avg_reward:1619.4611465062842   time_step:    150675
EP:166   reward:1655.7299709626511   avg_reward:1619.5980102382186   time_step:    151675
EP:167   reward:1665.2098305928296   avg_reward:1619.8590279732189   time_step:    152675
EP:168   reward:1661.463657754436    avg_reward:1620.2286381528256   time_step:    153675
EP:169   reward:1661.320415978492    avg_reward:1623.5239763398356   time_step:    154675
EP:170   reward:1658.0955539430806   avg_reward:1623.703768855484    time_step:    155675
EP:171   reward:1658.470830589068    avg_reward:1623.8437111412227   time_step:    156675
EP:172   reward:1667.464842554913    avg_reward:1624.1310111628686   time_step:    157675
EP:173   reward:1656.649881050204    avg_reward:1624.2683775637997   time_step:    158675
EP:174   reward:1656.598415350498    avg_reward:1634.0585042853886   time_step:    159675
EP:175   reward:1658.9048183309353   avg_reward:1634.2083180874602   time_step:    160675
EP:176   reward:1670.576933665445    avg_reward:1634.4903591629      time_step:    161675
EP:177   reward:1664.5438250948164   avg_reward:1634.6722785026175   time_step:    162675
EP:178   reward:1666.2656282891987   avg_reward:1634.9134948563185   time_step:    163675
EP:179   reward:1666.1125932019888   avg_reward:1635.1871980142937   time_step:    164675
EP:180   reward:1662.6796167583207   avg_reward:1635.4427539223284   time_step:    165675
EP:181   reward:1661.51560357353     avg_reward:1635.6690974268492   time_step:    166675
EP:182   reward:1658.3822481746279   avg_reward:1635.886415726158    time_step:    167675
EP:183   reward:1661.4951977538294   avg_reward:1636.0683832252812   time_step:    168675
EP:184   reward:1663.9632878728314   avg_reward:1642.9026444448887   time_step:    169675
EP:185   reward:1666.4915641190798   avg_reward:1643.0900563378925   time_step:    170675
EP:186   reward:1665.3073776107444   avg_reward:1648.0332114600105   time_step:    171675
EP:187   reward:1665.0776103801259   avg_reward:1648.2015090440777   time_step:    172675
EP:188   reward:1660.50635827319     avg_reward:1648.4763684106365   time_step:    173675
EP:189   reward:1674.0648042796697   avg_reward:1648.7910655197327   time_step:    174675
EP:190   reward:1663.9001308833035   avg_reward:1649.0707420262365   time_step:    175675
EP:191   reward:1667.9705997663123   avg_reward:1649.3454502178495   time_step:    176675
EP:192   reward:1666.0191260838137   avg_reward:1649.575871557572    time_step:    177675
EP:193   reward:1671.9677169734396   avg_reward:1649.8730164694114   time_step:    178675
EP:194   reward:1674.9284890977915   avg_reward:1650.210182564718    time_step:    179675
EP:195   reward:1660.0561698687306   avg_reward:1650.3872182419268   time_step:    180675
EP:196   reward:1665.7779098463964   avg_reward:1650.5696067620395   time_step:    181675
EP:197   reward:1675.6776369675056   avg_reward:1650.91212703139     time_step:    182675
EP:198   reward:1677.0095021126174   avg_reward:1651.2095393831664   time_step:    183675
EP:199   reward:1670.0108836796094   avg_reward:1651.4829564041984   time_step:    184675
EP:200   reward:1669.2084561608494   avg_reward:1651.6785750032411   time_step:    185675
EP:201   reward:1663.304678921919    avg_reward:1651.913615541273    time_step:    186675
EP:202   reward:1672.7914739041246   avg_reward:1652.1485990182211   time_step:    187675
EP:203   reward:1672.2499840476603   avg_reward:1652.4178113224102   time_step:    188675
EP:204   reward:1669.2173722922869   avg_reward:1652.614838794275    time_step:    189675
EP:205   reward:1671.9587052703348   avg_reward:1652.9069805788913   time_step:    190675
EP:206   reward:1672.7790320424074   avg_reward:1653.1906707785188   time_step:    191675
EP:207   reward:1672.4801999360159   avg_reward:1653.4099702751982   time_step:    192675
EP:208   reward:1674.18119834696     avg_reward:1653.6616945262392   time_step:    193675
EP:209   reward:1672.0587260731754   avg_reward:1653.8377581741827   time_step:    194675
EP:210   reward:1672.7468105068417   avg_reward:1654.1671900167516   time_step:    195675
EP:211   reward:1677.52959769607     avg_reward:1654.5183999991402   time_step:    196675
EP:212   reward:1676.9178825382191   avg_reward:1654.7745031487993   time_step:    197675
EP:213   reward:1672.2015536128026   avg_reward:1655.0567512309199   time_step:    198675
EP:214   reward:1674.5129473641157   avg_reward:1655.433599650652    time_step:    199675
EP:215   reward:1673.611065549041    avg_reward:1655.7497492798634   time_step:    200675
EP:216   reward:1673.3697999147569   avg_reward:1656.0658668398207   time_step:    201675
EP:217   reward:1670.5073248681915   avg_reward:1656.3144663264948   time_step:    202675
EP:218   reward:1679.8903105997751   avg_reward:1656.683815538738    time_step:    203675
EP:219   reward:1675.5995567429034   avg_reward:1656.9761351202146   time_step:    204675
EP:220   reward:1676.0308917408138   avg_reward:1657.2381444624948   time_step:    205675
EP:221   reward:1671.9741844675852   avg_reward:1657.4670500143527   time_step:    206675
EP:222   reward:1682.5493437228504   avg_reward:1657.8526715018822   time_step:    207675
EP:223   reward:1673.9856081038051   avg_reward:1658.1489231102446   time_step:    208675
EP:224   reward:1667.7556716051772   avg_reward:1658.31569161437     time_step:    209675
EP:225   reward:1676.920901138748    avg_reward:1658.6681675933762   time_step:    210675
EP:226   reward:1679.854739756192    avg_reward:1659.0437798010284   time_step:    211675
EP:227   reward:1667.4334471962363   avg_reward:1659.214275803095    time_step:    212675
EP:228   reward:1679.0631769071902   avg_reward:1659.527858022328    time_step:    213675
EP:229   reward:1672.8181092948184   avg_reward:1659.7921272288459   time_step:    214675
EP:230   reward:1673.869586673606    avg_reward:1660.0312090793182   time_step:    215675
EP:231   reward:1673.2234237287685   avg_reward:1660.2823378822995   time_step:    216675
EP:232   reward:1673.8510678383857   avg_reward:1660.5362201660628   time_step:    217675
EP:233   reward:1671.1277344193286   avg_reward:1660.8177719105422   time_step:    218675
EP:234   reward:1676.0073939655204   avg_reward:1661.1038224730746   time_step:    219675
EP:235   reward:1675.7532530090136   avg_reward:1661.3620197569983   time_step:    220675
EP:236   reward:1680.076388606347    avg_reward:1661.6892548002513   time_step:    221675
EP:237   reward:1669.462746955486    avg_reward:1661.9033672204716   time_step:    222675
EP:238   reward:1676.41321611586     avg_reward:1662.063234588991    time_step:    223675
EP:239   reward:1671.2903997188073   avg_reward:1662.3024812439796   time_step:    224675
EP:240   reward:1678.984741504547    avg_reward:1662.5727298358022   time_step:    225675
EP:241   reward:1682.5974200094963   avg_reward:1662.8587539418454   time_step:    226675
EP:242   reward:1683.2663047343701   avg_reward:1663.1523303988527   time_step:    227675
EP:243   reward:1673.4126800157896   avg_reward:1663.3614482149374   time_step:    228675
EP:244   reward:1678.8186381496919   avg_reward:1663.6404987556132   time_step:    229675
EP:245   reward:1675.1222445333365   avg_reward:1663.9291854903379   time_step:    230675
EP:246   reward:1678.0378783363774   avg_reward:1664.1672098365534   time_step:    231675
EP:247   reward:1680.4928051081156   avg_reward:1664.432588001055    time_step:    232675
EP:248   reward:1680.2193524610468   avg_reward:1664.747464547572    time_step:    233675
EP:249   reward:1684.394083442821    avg_reward:1665.0751938763246   time_step:    234675
EP:250   reward:1687.1989527411943   avg_reward:1665.3533984681792   time_step:    235675
EP:251   reward:1684.3721177131574   avg_reward:1665.6258874475648   time_step:    236675
EP:252   reward:1677.9183819803873   avg_reward:1665.8272725004686   time_step:    237675
EP:253   reward:1686.956196061877    avg_reward:1666.1985148756007   time_step:    238675
EP:254   reward:1678.3294881439654   avg_reward:1666.4412113548865   time_step:    239675
EP:255   reward:1676.9549560288551   avg_reward:1666.681693624037    time_step:    240675
EP:256   reward:1684.1459945663369   avg_reward:1666.9542820954814   time_step:    241675
EP:257   reward:1689.066455999737    avg_reward:1667.2811626927835   time_step:    242675
EP:258   reward:1675.976126767084    avg_reward:1667.4095714589462   time_step:    243675
EP:259   reward:1680.6730472050624   avg_reward:1667.7058024370403   time_step:    244675
EP:260   reward:1684.8207456111145   avg_reward:1667.968521140039    time_step:    245675
EP:261   reward:1683.4962393786448   avg_reward:1668.1771575740268   time_step:    246675
EP:262   reward:1681.5286881740076   avg_reward:1668.4497390168478   time_step:    247675
EP:263   reward:1688.034806407251    avg_reward:1668.793140148608    time_step:    248675
EP:264   reward:1690.0080524085838   avg_reward:1669.1193295047224   time_step:    249675
EP:265   reward:1682.3353701355218   avg_reward:1672.739487604054    time_step:    250675
EP:266   reward:1681.8839135039723   avg_reward:1673.001027029467    time_step:    251675
EP:267   reward:1688.1010620523307   avg_reward:1673.229939344062    time_step:    252675
EP:268   reward:1678.191536336151    avg_reward:1673.3972181298786   time_step:    253675
EP:269   reward:1684.621847310489    avg_reward:1673.630232443199    time_step:    254675
EP:270   reward:1682.8416753986721   avg_reward:1673.877693657755    time_step:    255675
EP:271   reward:1683.6215794127318   avg_reward:1674.1292011459914   time_step:    256675
EP:272   reward:1684.6603469703507   avg_reward:1674.3011561901458   time_step:    257675
EP:273   reward:1676.6316425285193   avg_reward:1674.500973804929    time_step:    258675
EP:274   reward:1685.1533844113405   avg_reward:1674.7865234955375   time_step:    259675
EP:275   reward:1678.7572922776628   avg_reward:1674.985048235005    time_step:    260675
EP:276   reward:1684.3001233489945   avg_reward:1675.1222801318404   time_step:    261675
EP:277   reward:1676.849235119763    avg_reward:1675.24533423209     time_step:    262675
EP:278   reward:1680.5009201787334   avg_reward:1675.3876871509856   time_step:    263675
EP:279   reward:1678.6115413627626   avg_reward:1675.5126766325932   time_step:    264675
EP:280   reward:1682.2198051160933   avg_reward:1675.708078516171    time_step:    265675
EP:281   reward:1679.9574690088434   avg_reward:1675.8924971705242   time_step:    266675
EP:282   reward:1681.181884936632    avg_reward:1676.1204935381438   time_step:    267675
EP:283   reward:1673.9836151669665   avg_reward:1676.2453777122753   time_step:    268675
EP:284   reward:1687.4571178488588   avg_reward:1676.4803160120357   time_step:    269675
EP:285   reward:1683.9594890611572   avg_reward:1676.6549952614564   time_step:    270675
EP:286   reward:1690.1603949589041   avg_reward:1676.9035254349376   time_step:    271675
EP:287   reward:1678.1956096649978   avg_reward:1677.0347054277863   time_step:    272675
EP:288   reward:1680.4817816517539   avg_reward:1677.2344596615724   time_step:    273675
EP:289   reward:1687.8011254741682   avg_reward:1677.3718228735174   time_step:    274675
EP:290   reward:1681.8145633928818   avg_reward:1677.5509671986135   time_step:    275675
EP:291   reward:1683.0258837907236   avg_reward:1677.701520038857    time_step:    276675
EP:292   reward:1689.8352989959217   avg_reward:1677.9396817679785   time_step:    277675
EP:293   reward:1681.1826030142101   avg_reward:1678.031830628386    time_step:    278675
EP:294   reward:1685.0379393569565   avg_reward:1678.1329251309776   time_step:    279675
EP:295   reward:1691.5811798024597   avg_reward:1678.448175230315    time_step:    280675
EP:296   reward:1688.1123218206744   avg_reward:1678.6715193500577   time_step:    281675
EP:297   reward:1692.1982888813827   avg_reward:1678.8367258691965   time_step:    282675
EP:298   reward:1685.8867768841405   avg_reward:1678.925498616912    time_step:    283675
EP:299   reward:1686.4115663086613   avg_reward:1679.0895054432021   time_step:    284675
EP:300   reward:1693.6825055340607   avg_reward:1679.3342459369346   time_step:    285675
EP:301   reward:1687.2961345448527   avg_reward:1679.5741604931638   time_step:    286675
EP:302   reward:1688.8148414346729   avg_reward:1679.7343941684694   time_step:    287675
EP:303   reward:1684.6060004719386   avg_reward:1679.857954332712    time_step:    288675
EP:304   reward:1684.139230524055    avg_reward:1680.0071729150297   time_step:    289675
EP:305   reward:1688.561710809306    avg_reward:1680.1732029704194   time_step:    290675
EP:306   reward:1690.6136637528223   avg_reward:1680.3515492875233   time_step:    291675
EP:307   reward:1688.092804414124    avg_reward:1680.5076753323044   time_step:    292675
EP:308   reward:1684.098421138007    avg_reward:1680.6068475602153   time_step:    293675
EP:309   reward:1692.9838611529947   avg_reward:1680.8160989110133   time_step:    294675
EP:310   reward:1690.0584038975528   avg_reward:1680.9892148449205   time_step:    295675
EP:311   reward:1688.3126404321367   avg_reward:1681.0970452722809   time_step:    296675
EP:312   reward:1691.9604066094184   avg_reward:1681.2474705129928   time_step:    297675
EP:313   reward:1693.6399016133464   avg_reward:1681.4618539929984   time_step:    298675
EP:314   reward:1687.7045601667091   avg_reward:1681.5937701210244   time_step:    299675
EP:315   reward:1686.030254970438    avg_reward:1681.7179620152385   time_step:    300675
EP:316   reward:1689.2997321972339   avg_reward:1681.8772613380631   time_step:    301675
EP:317   reward:1693.7919926982638   avg_reward:1682.1101080163642   time_step:    302675
EP:318   reward:1681.8670196469989   avg_reward:1682.1298751068362   time_step:    303675
EP:319   reward:1690.368334117894    avg_reward:1682.2775628805862   time_step:    304675
EP:320   reward:1696.6886983610386   avg_reward:1682.4841409467886   time_step:    305675
EP:321   reward:1689.7884120768913   avg_reward:1682.6622832228813   time_step:    306675
EP:322   reward:1689.845582214167    avg_reward:1682.7352456077945   time_step:    307675
EP:323   reward:1687.5073378242569   avg_reward:1682.8704629049992   time_step:    308675
EP:324   reward:1688.596625696872    avg_reward:1683.0788724459157   time_step:    309675
EP:325   reward:1692.707129793648    avg_reward:1683.2367347324648   time_step:    310675
EP:326   reward:1689.661082476502    avg_reward:1683.334798159668    time_step:    311675
EP:327   reward:1686.720338136135    avg_reward:1683.5276670690669   time_step:    312675
EP:328   reward:1691.4681615219708   avg_reward:1683.6517169152148   time_step:    313675
EP:329   reward:1689.1380699861265   avg_reward:1683.8149165221278   time_step:    314675
EP:330   reward:1688.6791703078275   avg_reward:1683.9630123584702   time_step:    315675
EP:331   reward:1699.903150356652    avg_reward:1684.2298096247491   time_step:    316675
EP:332   reward:1700.7179751583865   avg_reward:1684.498478697949    time_step:    317675
EP:333   reward:1688.9738008039135   avg_reward:1684.676939361795    time_step:    318675
EP:334   reward:1681.9811019138185   avg_reward:1684.7366764412777   time_step:    319675
EP:335   reward:1692.0560542057913   avg_reward:1684.8997044532452   time_step:    320675
EP:336   reward:1687.5445664908677   avg_reward:1684.9743862320904   time_step:    321675
EP:337   reward:1687.6167933683873   avg_reward:1685.1559266962195   time_step:    322675
EP:338   reward:1688.0209418160443   avg_reward:1685.2720039532212   time_step:    323675
EP:339   reward:1692.2117353206781   avg_reward:1685.4812173092403   time_step:    324675
EP:340   reward:1683.5902685823505   avg_reward:1685.5272725800182   time_step:    325675
EP:341   reward:1691.2014904160294   avg_reward:1685.6133132840835   time_step:    326675
EP:342   reward:1689.9597871201627   avg_reward:1685.6802481079417   time_step:    327675
EP:343   reward:1691.3427506707694   avg_reward:1685.8595488144915   time_step:    328675
EP:344   reward:1694.3155618367118   avg_reward:1686.0145180513614   time_step:    329675
EP:345   reward:1684.406661058281    avg_reward:1686.107362216611    time_step:    330675
EP:346   reward:1691.7255803003225   avg_reward:1686.2442392362502   time_step:    331675
EP:347   reward:1688.213359461131    avg_reward:1686.3214447797807   time_step:    332675
EP:348   reward:1690.1283247754866   avg_reward:1686.420534502925    time_step:    333675
EP:349   reward:1688.7210199208446   avg_reward:1686.4638038677053   time_step:    334675
EP:350   reward:1697.3979173736864   avg_reward:1686.5657935140302   time_step:    335675
EP:351   reward:1690.7891497417538   avg_reward:1686.629963834316    time_step:    336675
EP:352   reward:1696.7043429704931   avg_reward:1686.8178234442169   time_step:    337675
EP:353   reward:1692.0209379758326   avg_reward:1686.8684708633568   time_step:    338675
EP:354   reward:1687.5151198973244   avg_reward:1686.9603271808903   time_step:    339675
EP:355   reward:1694.1064787305004   avg_reward:1687.131842407907    time_step:    340675
EP:356   reward:1690.2334941720883   avg_reward:1687.1927174039643   time_step:    341675
EP:357   reward:1689.0571817735722   avg_reward:1687.1926246617024   time_step:    342675
EP:358   reward:1690.3341571087865   avg_reward:1687.3362049651198   time_step:    343675
EP:359   reward:1686.6173482414542   avg_reward:1687.3956479754834   time_step:    344675
EP:360   reward:1692.5641281288683   avg_reward:1687.4730818006608   time_step:    345675
EP:361   reward:1692.9954027673443   avg_reward:1687.5680734345483   time_step:    346675
EP:362   reward:1686.8442572624735   avg_reward:1687.621229125433    time_step:    347675
EP:363   reward:1684.4281499237036   avg_reward:1687.5851625605976   time_step:    348675
EP:364   reward:1689.2395287569823   avg_reward:1687.5774773240817   time_step:    349675
EP:365   reward:1691.7311941945309   avg_reward:1687.6714355646718   time_step:    350675
EP:366   reward:1683.1171641243336   avg_reward:1687.683768070875    time_step:    351675
EP:367   reward:1691.4238892087992   avg_reward:1687.7169963424399   time_step:    352675
EP:368   reward:1689.1477159475473   avg_reward:1687.8265581385535   time_step:    353675
EP:369   reward:1686.8191277951676   avg_reward:1687.8485309434006   time_step:    354675
EP:370   reward:1690.7659143009662   avg_reward:1687.9277733324236   time_step:    355675
EP:371   reward:1690.3801990254137   avg_reward:1687.9953595285508   time_step:    356675
EP:372   reward:1691.375507813399    avg_reward:1688.062511136981    time_step:    357675
EP:373   reward:1689.5274538829658   avg_reward:1688.1914692505254   time_step:    358675
EP:374   reward:1691.7771439867267   avg_reward:1688.2577068462792   time_step:    359675
EP:375   reward:1690.758488315453    avg_reward:1688.377718806657    time_step:    360675
EP:376   reward:1692.1557958918454   avg_reward:1688.4562755320856   time_step:    361675
EP:377   reward:1694.6386380084377   avg_reward:1688.6341695609724   time_step:    362675
EP:378   reward:1688.3271648001455   avg_reward:1688.7124320071866   time_step:    363675
EP:379   reward:1694.2252875163063   avg_reward:1688.868569468722    time_step:    364675
EP:380   reward:1685.3948147297117   avg_reward:1688.900319564858    time_step:    365675
EP:381   reward:1684.3305727309519   avg_reward:1688.9440506020792   time_step:    366675
EP:382   reward:1687.5928193427944   avg_reward:1689.008159946141    time_step:    367675
EP:383   reward:1689.2002545311284   avg_reward:1689.1603263397826   time_step:    368675
EP:384   reward:1698.4738040992668   avg_reward:1689.2704932022864   time_step:    369675
EP:385   reward:1689.5249175367828   avg_reward:1689.3261474870428   time_step:    370675
EP:386   reward:1691.7228432025202   avg_reward:1689.3417719694792   time_step:    371675
EP:387   reward:1694.3420242196069   avg_reward:1689.5032361150247   time_step:    372675
EP:388   reward:1691.7055922203797   avg_reward:1689.6154742207113   time_step:    373675
EP:389   reward:1687.8700682932683   avg_reward:1689.616163648902    time_step:    374675
EP:390   reward:1690.6987632215641   avg_reward:1689.7050056471887   time_step:    375675
EP:391   reward:1693.4938252465267   avg_reward:1689.809685061747    time_step:    376675
EP:392   reward:1691.3990144170778   avg_reward:1689.8253222159585   time_step:    377675
EP:393   reward:1693.5088387292647   avg_reward:1689.9485845731092   time_step:    378675
EP:394   reward:1697.3532406264549   avg_reward:1690.0717375858037   time_step:    379675
EP:395   reward:1692.6852548799045   avg_reward:1690.0827783365787   time_step:    380675
EP:396   reward:1687.2044257427078   avg_reward:1690.0736993757987   time_step:    381675
EP:397   reward:1689.3683826334757   avg_reward:1690.04540031332     time_step:    382675
EP:398   reward:1696.8580462696748   avg_reward:1690.1551130071755   time_step:    383675
EP:399   reward:1692.8425076207593   avg_reward:1690.2194224202963   time_step:    384675
EP:400   reward:1694.5163601749261   avg_reward:1690.2277609667049   time_step:    385675
EP:401   reward:1690.5941471906651   avg_reward:1690.2607410931628   time_step:    386675
EP:402   reward:1691.1839815340063   avg_reward:1690.2844324941561   time_step:    387675
EP:403   reward:1693.4395136433127   avg_reward:1690.37276762587     time_step:    388675
EP:404   reward:1697.3452678376523   avg_reward:1690.5048279990058   time_step:    389675
EP:405   reward:1686.7123283133747   avg_reward:1690.486334174047    time_step:    390675
EP:406   reward:1691.9527252563537   avg_reward:1690.499724789082    time_step:    391675
EP:407   reward:1686.7303989230013   avg_reward:1690.486100734171    time_step:    392675
EP:408   reward:1691.7250499661404   avg_reward:1690.562367022452    time_step:    393675
EP:409   reward:1690.3032202702136   avg_reward:1690.535560613624    time_step:    394675
EP:410   reward:1695.3330972611188   avg_reward:1690.5883075472595   time_step:    395675
EP:411   reward:1688.1578739988126   avg_reward:1690.5867598829263   time_step:    396675
EP:412   reward:1688.287387419985    avg_reward:1690.550029691032    time_step:    397675
EP:413   reward:1691.5427498783174   avg_reward:1690.5290581736817   time_step:    398675
EP:414   reward:1692.1600684467696   avg_reward:1690.5736132564823   time_step:    399675
EP:415   reward:1690.6186913437368   avg_reward:1690.6194976202155   time_step:    400675
EP:416   reward:1688.3777329421757   avg_reward:1690.6102776276648   time_step:    401675
EP:417   reward:1683.7928284983318   avg_reward:1690.5102859856654   time_step:    402675
EP:418   reward:1689.3050713847736   avg_reward:1690.5846665030433   time_step:    403675
EP:419   reward:1684.5020819505964   avg_reward:1690.5260039813702   time_step:    404675
EP:420   reward:1690.4551494803027   avg_reward:1690.4636684925633   time_step:    405675
EP:421   reward:1691.5813062970185   avg_reward:1690.4815974347646   time_step:    406675
EP:422   reward:1685.2210939011043   avg_reward:1690.4353525516337   time_step:    407675
EP:423   reward:1682.4315964993111   avg_reward:1690.3845951383846   time_step:    408675
EP:424   reward:1691.6949790037895   avg_reward:1690.4155786714534   time_step:    409675
EP:425   reward:1683.9592800155006   avg_reward:1690.328100173672    time_step:    410675
EP:426   reward:1686.311771453256    avg_reward:1690.2946070634393   time_step:    411675
EP:427   reward:1690.7368142018397   avg_reward:1690.3347718240964   time_step:    412675
EP:428   reward:1685.2602605389077   avg_reward:1690.2726928142656   time_step:    413675
EP:429   reward:1686.924048951804    avg_reward:1690.2505526039226   time_step:    414675
EP:430   reward:1691.8626434289156   avg_reward:1690.2823873351333   time_step:    415675
EP:431   reward:1685.8167780000106   avg_reward:1690.1415236115672   time_step:    416675
EP:432   reward:1679.4406939531736   avg_reward:1689.9287507995148   time_step:    417675
EP:433   reward:1689.6498853547657   avg_reward:1689.9355116450236   time_step:    418675
EP:434   reward:1682.0713519037809   avg_reward:1689.936414144923    time_step:    419675
EP:435   reward:1685.818530169846    avg_reward:1689.874038904564    time_step:    420675
EP:436   reward:1683.6768239182247   avg_reward:1689.8353614788375   time_step:    421675
EP:437   reward:1690.7653685086761   avg_reward:1689.8668472302402   time_step:    422675
EP:438   reward:1679.3868223942618   avg_reward:1689.7805060360226   time_step:    423675
EP:439   reward:1687.8314716788059   avg_reward:1689.7367033996038   time_step:    424675
EP:440   reward:1693.046870818241    avg_reward:1689.8312694219626   time_step:    425675
EP:441   reward:1692.468688028904    avg_reward:1689.8439413980916   time_step:    426675
EP:442   reward:1683.5521401157916   avg_reward:1689.7798649280478   time_step:    427675
EP:443   reward:1683.9766226561464   avg_reward:1689.706203647901    time_step:    428675
EP:444   reward:1687.3857298961514   avg_reward:1689.6369053284955   time_step:    429675
EP:445   reward:1685.4368829237426   avg_reward:1689.64720754715     time_step:    430675
EP:446   reward:1689.88102344542     avg_reward:1689.6287619786015   time_step:    431675
EP:447   reward:1689.8011800789943   avg_reward:1689.64464018478     time_step:    432675
EP:448   reward:1685.4684017563732   avg_reward:1689.5980409545891   time_step:    433675
EP:449   reward:1691.93598707433     avg_reward:1689.6301906261242   time_step:    434675
EP:450   reward:1683.5358211711637   avg_reward:1689.4915696640985   time_step:    435675
EP:451   reward:1694.2062535529208   avg_reward:1689.5257407022102   time_step:    436675
EP:452   reward:1690.0159024584095   avg_reward:1689.4588562970894   time_step:    437675
EP:453   reward:1695.0492350107684   avg_reward:1689.489139267439    time_step:    438675
EP:454   reward:1689.3488946545958   avg_reward:1689.5074770150115   time_step:    439675
EP:455   reward:1692.4706798188415   avg_reward:1689.4911190258947   time_step:    440675
EP:456   reward:1687.4560235055242   avg_reward:1689.4633443192295   time_step:    441675
EP:457   reward:1690.566773803984    avg_reward:1689.478440239533    time_step:    442675
EP:458   reward:1688.208958875719    avg_reward:1689.4571882572025   time_step:    443675
EP:459   reward:1695.5141885305115   avg_reward:1689.5461566600932   time_step:    444675
EP:460   reward:1687.062339963401    avg_reward:1689.4911387784384   time_step:    445675
EP:461   reward:1691.8146380257604   avg_reward:1689.4793311310225   time_step:    446675
EP:462   reward:1683.966531838861    avg_reward:1689.4505538767867   time_step:    447675
EP:463   reward:1695.130323990494    avg_reward:1689.5575756174546   time_step:    448675
EP:464   reward:1683.32283760366     avg_reward:1689.4984087059213   time_step:    449675
EP:465   reward:1683.6478759442584   avg_reward:1689.4175755234187   time_step:    450675
EP:466   reward:1689.3412034796327   avg_reward:1689.4798159169713   time_step:    451675
EP:467   reward:1689.194249576898    avg_reward:1689.4575195206523   time_step:    452675
EP:468   reward:1682.9401127680019   avg_reward:1689.3954434888572   time_step:    453675
EP:469   reward:1693.9515007568014   avg_reward:1689.4667672184733   time_step:    454675
EP:470   reward:1690.5286230898382   avg_reward:1689.464394306362    time_step:    455675
EP:471   reward:1690.3566412771593   avg_reward:1689.4641587288797   time_step:    456675
EP:472   reward:1689.91349859974     avg_reward:1689.449538636743    time_step:    457675
EP:473   reward:1692.4256983167186   avg_reward:1689.4785210810803   time_step:    458675
EP:474   reward:1686.9345354854645   avg_reward:1689.4300949960677   time_step:    459675
EP:475   reward:1691.2193589717538   avg_reward:1689.434703702631    time_step:    460675
EP:476   reward:1688.9910762187067   avg_reward:1689.4030565058995   time_step:    461675
EP:477   reward:1688.4899689211359   avg_reward:1689.3415698150266   time_step:    462675
EP:478   reward:1688.9754998952264   avg_reward:1689.3480531659777   time_step:    463675
EP:479   reward:1691.7752243260088   avg_reward:1689.3235525340745   time_step:    464675
EP:480   reward:1688.0195328526486   avg_reward:1689.3497997153038   time_step:    465675
EP:481   reward:1697.1913350551763   avg_reward:1689.478407338546    time_step:    466675
EP:482   reward:1692.7284517669573   avg_reward:1689.5297636627874   time_step:    467675
EP:483   reward:1692.9745677585365   avg_reward:1689.5675067950617   time_step:    468675
EP:484   reward:1688.7191830691345   avg_reward:1689.4699605847602   time_step:    469675
EP:485   reward:1687.2766484790293   avg_reward:1689.4474778941826   time_step:    470675
EP:486   reward:1690.0005375650608   avg_reward:1689.430254837808    time_step:    471675
EP:487   reward:1689.421829435207    avg_reward:1689.3810528899642   time_step:    472675
EP:488   reward:1693.918590198735    avg_reward:1689.403182869748    time_step:    473675
EP:489   reward:1692.5779393557511   avg_reward:1689.4502615803729   time_step:    474675
EP:490   reward:1692.315837644917    avg_reward:1689.466432324606    time_step:    475675
EP:491   reward:1695.3389556221425   avg_reward:1689.4848836283622   time_step:    476675
EP:492   reward:1692.7543240364369   avg_reward:1689.4984367245559   time_step:    477675
EP:493   reward:1687.9171722328877   avg_reward:1689.442520059592    time_step:    478675
EP:494   reward:1689.0263823924927   avg_reward:1689.3592514772527   time_step:    479675
EP:495   reward:1689.9090497106674   avg_reward:1689.3314894255602   time_step:    480675
EP:496   reward:1680.7242983321553   avg_reward:1689.2666881514547   time_step:    481675
EP:497   reward:1689.6516559000984   avg_reward:1689.2695208841208   time_step:    482675
EP:498   reward:1686.3731973958136   avg_reward:1689.164672395382    time_step:    483675
EP:499   reward:1690.8866028303842   avg_reward:1689.1451133474784   time_step:    484675
EP:500   reward:1686.5191597144344   avg_reward:1689.0651413428734   time_step:    485675
EP:501   reward:1691.2203337015037   avg_reward:1689.0714032079816   time_step:    486675
EP:502   reward:1688.953049394846    avg_reward:1689.0490938865903   time_step:    487675
EP:503   reward:1692.0656814857762   avg_reward:1689.0353555650147   time_step:    488675
EP:504   reward:1690.8890136399848   avg_reward:1688.9707930230381   time_step:    489675
EP:505   reward:1693.141840697159    avg_reward:1689.0350881468758   time_step:    490675
EP:506   reward:1683.4250240534686   avg_reward:1688.9498111348469   time_step:    491675
EP:507   reward:1694.7257424468226   avg_reward:1689.0297645700848   time_step:    492675
EP:508   reward:1685.5132375975118   avg_reward:1688.967646446399    time_step:    493675
EP:509   reward:1689.4516675237874   avg_reward:1688.9591309189348   time_step:    494675
EP:510   reward:1689.3783010967      avg_reward:1688.8995829572907   time_step:    495675
EP:511   reward:1692.626851220187    avg_reward:1688.944272729504    time_step:    496675
EP:512   reward:1695.3830567175878   avg_reward:1689.0152294224804   time_step:    497675
EP:513   reward:1688.656671820178    avg_reward:1688.986368641899    time_step:    498675
EP:514   reward:1684.348375353823    avg_reward:1688.9082517109696   time_step:    499675
EP:515   reward:1687.1186044180708   avg_reward:1688.8732508417127   time_step:    500675
EP:516   reward:1689.5502538913452   avg_reward:1688.8849760512048   time_step:    501675
EP:517   reward:1692.8137394562532   avg_reward:1688.975185160784    time_step:    502675
EP:518   reward:1688.7909352754116   avg_reward:1688.9700437996905   time_step:    503675
EP:519   reward:1690.2040101089867   avg_reward:1689.0270630812745   time_step:    504675
EP:520   reward:1696.6821436450723   avg_reward:1689.089333022922    time_step:    505675
EP:521   reward:1685.8859375546772   avg_reward:1689.0323793354985   time_step:    506675
EP:522   reward:1689.420620012986    avg_reward:1689.0743745966174   time_step:    507675
EP:523   reward:1690.0268651256836   avg_reward:1689.1503272828816   time_step:    508675
EP:524   reward:1693.2254040698278   avg_reward:1689.1656315335415   time_step:    509675
EP:525   reward:1691.6540582173266   avg_reward:1689.24257931556     time_step:    510675
EP:526   reward:1698.8824750404601   avg_reward:1689.3682863514318   time_step:    511675
EP:527   reward:1685.6187033339083   avg_reward:1689.3171052427526   time_step:    512675
EP:528   reward:1687.3361662959942   avg_reward:1689.3378643003234   time_step:    513675
EP:529   reward:1693.8058099751734   avg_reward:1689.4066819105567   time_step:    514675
EP:530   reward:1686.8638734652898   avg_reward:1689.3566942109205   time_step:    515675
EP:531   reward:1697.8198366390086   avg_reward:1689.4767247973102   time_step:    516675
EP:532   reward:1690.3883556578437   avg_reward:1689.5862014143574   time_step:    517675
EP:533   reward:1690.4540752678763   avg_reward:1689.5942433134885   time_step:    518675
EP:534   reward:1678.7708853354088   avg_reward:1689.5612386478047   time_step:    519675
EP:535   reward:1687.0989494318612   avg_reward:1689.574042840425    time_step:    520675
EP:536   reward:1689.8373336851043   avg_reward:1689.6356479380934   time_step:    521675
EP:537   reward:1687.304617679607    avg_reward:1689.6010404298033   time_step:    522675
EP:538   reward:1695.5697533076827   avg_reward:1689.7628697389373   time_step:    523675
EP:539   reward:1694.0644444800814   avg_reward:1689.8251994669502   time_step:    524675
EP:540   reward:1684.5173113700384   avg_reward:1689.739903872468    time_step:    525675
EP:541   reward:1687.7433872435658   avg_reward:1689.6926508646147   time_step:    526675
EP:542   reward:1692.363960710771    avg_reward:1689.780769070564    time_step:    527675
EP:543   reward:1692.0354158543014   avg_reward:1689.861357002546    time_step:    528675
EP:544   reward:1693.426473702783    avg_reward:1689.921764440612    time_step:    529675
EP:545   reward:1689.254145058126    avg_reward:1689.9599370619558   time_step:    530675
EP:546   reward:1687.2748638541032   avg_reward:1689.933875466043    time_step:    531675
EP:547   reward:1695.7252426279326   avg_reward:1689.9931160915323   time_step:    532675
EP:548   reward:1692.2204243095216   avg_reward:1690.0606363170637   time_step:    533675
EP:549   reward:1683.764263049913    avg_reward:1689.9789190768197   time_step:    534675
EP:550   reward:1691.7017957021458   avg_reward:1690.0605788221294   time_step:    535675
EP:551   reward:1690.5540595105613   avg_reward:1690.024056881706    time_step:    536675
EP:552   reward:1695.7078845413864   avg_reward:1690.0809767025357   time_step:    537675
EP:553   reward:1688.4933277615453   avg_reward:1690.0154176300434   time_step:    538675
EP:554   reward:1688.7883774885222   avg_reward:1690.0098124583826   time_step:    539675
EP:555   reward:1688.5901323052055   avg_reward:1689.9710069832465   time_step:    540675
EP:556   reward:1690.2866857349054   avg_reward:1689.9993136055398   time_step:    541675
EP:557   reward:1694.1577778639019   avg_reward:1690.0352236461392   time_step:    542675
EP:558   reward:1692.5388943105138   avg_reward:1690.0785230004872   time_step:    543675
EP:559   reward:1692.33534572764     avg_reward:1690.0467345724583   time_step:    544675
EP:560   reward:1692.1286487340742   avg_reward:1690.0973976601651   time_step:    545675
EP:561   reward:1691.018141815041    avg_reward:1690.0894326980579   time_step:    546675
EP:562   reward:1693.7546057217253   avg_reward:1690.1873134368864   time_step:    547675
EP:563   reward:1690.03950492806     avg_reward:1690.1364052462618   time_step:    548675
EP:564   reward:1691.3670764537048   avg_reward:1690.2168476347622   time_step:    549675
EP:565   reward:1693.1439511676824   avg_reward:1690.3118083869963   time_step:    550675
EP:566   reward:1694.4191282795966   avg_reward:1690.3625876349965   time_step:    551675
EP:567   reward:1689.973073724845    avg_reward:1690.370375876476    time_step:    552675
EP:568   reward:1691.1287104560743   avg_reward:1690.452261853357    time_step:    553675
EP:569   reward:1695.543460889431    avg_reward:1690.468181454683    time_step:    554675
EP:570   reward:1694.3655952598017   avg_reward:1690.5065511763823   time_step:    555675
EP:571   reward:1693.9606855965967   avg_reward:1690.5425916195773   time_step:    556675
EP:572   reward:1694.4218519156605   avg_reward:1690.587675152736    time_step:    557675
EP:573   reward:1684.8847343142368   avg_reward:1690.5122655127113   time_step:    558675
EP:574   reward:1699.3174238830711   avg_reward:1690.6360943966874   time_step:    559675
EP:575   reward:1696.7898757836583   avg_reward:1690.6917995648066   time_step:    560675
EP:576   reward:1694.7271673539353   avg_reward:1690.7491604761587   time_step:    561675
EP:577   reward:1691.271637541989    avg_reward:1690.7769771623675   time_step:    562675
EP:578   reward:1685.2665353811549   avg_reward:1690.739887517227    time_step:    563675
EP:579   reward:1693.4796082639973   avg_reward:1690.7569313566066   time_step:    564675
EP:580   reward:1693.3601348048398   avg_reward:1690.8103373761287   time_step:    565675
EP:581   reward:1693.8428806473848   avg_reward:1690.7768528320507   time_step:    566675
EP:582   reward:1696.0998215027612   avg_reward:1690.8105665294088   time_step:    567675
EP:583   reward:1689.4941059555042   avg_reward:1690.7757619113784   time_step:    568675
EP:584   reward:1695.9403413345622   avg_reward:1690.8479734940324   time_step:    569675
EP:585   reward:1693.349180078589    avg_reward:1690.9086988100278   time_step:    570675
EP:586   reward:1698.1835602176563   avg_reward:1690.9905290365539   time_step:    571675
EP:587   reward:1696.031669441685    avg_reward:1691.056627436619    time_step:    572675
EP:588   reward:1695.8987442498096   avg_reward:1691.0764289771296   time_step:    573675
EP:589   reward:1693.6167065203242   avg_reward:1691.0868166487753   time_step:    574675
EP:590   reward:1694.6472926892448   avg_reward:1691.1101311992188   time_step:    575675
EP:591   reward:1694.3590227663483   avg_reward:1691.100331870661    time_step:    576675
EP:592   reward:1694.4763711019395   avg_reward:1691.1175523413158   time_step:    577675
EP:593   reward:1690.9104955217479   avg_reward:1691.1474855742044   time_step:    578675
EP:594   reward:1695.657100719048    avg_reward:1691.21379275747     time_step:    579675
EP:595   reward:1693.1391908462897   avg_reward:1691.2460941688262   time_step:    580675
EP:596   reward:1690.866339706699    avg_reward:1691.3475145825714   time_step:    581675
EP:597   reward:1689.237120695404    avg_reward:1691.343369230525    time_step:    582675
EP:598   reward:1689.7944826099379   avg_reward:1691.377582082666    time_step:    583675
EP:599   reward:1691.6655111098494   avg_reward:1691.3853711654604   time_step:    584675
EP:600   reward:1695.6507370166719   avg_reward:1691.4766869384828   time_step:    585675
EP:601   reward:1693.1881685763665   avg_reward:1691.4963652872311   time_step:    586675
EP:602   reward:1690.5281031524098   avg_reward:1691.5121158248069   time_step:    587675
EP:603   reward:1685.7221124762268   avg_reward:1691.4486801347116   time_step:    588675
EP:604   reward:1691.431688653329    avg_reward:1691.4541068848453   time_step:    589675
EP:605   reward:1692.6463700689974   avg_reward:1691.4491521785635   time_step:    590675
EP:606   reward:1691.239100195896    avg_reward:1691.527292939988    time_step:    591675
EP:607   reward:1692.7906035345839   avg_reward:1691.5079415508656   time_step:    592675
EP:608   reward:1687.594144727053    avg_reward:1691.5287506221607   time_step:    593675
EP:609   reward:1699.7747238129848   avg_reward:1691.631981185053    time_step:    594675
EP:610   reward:1689.1817105946      avg_reward:1691.630015280032    time_step:    595675
EP:611   reward:1690.477283836401    avg_reward:1691.6085196061942   time_step:    596675
EP:612   reward:1690.8806088633717   avg_reward:1691.5634951276518   time_step:    597675
EP:613   reward:1694.141244854306    avg_reward:1691.6183408579932   time_step:    598675
EP:614   reward:1692.0896169082232   avg_reward:1691.6957532735373   time_step:    599675
EP:615   reward:1692.213637685943    avg_reward:1691.7467036062162   time_step:    600675
