nohup: ignoring input
/home/nlsde/anaconda3/envs/ddqn/lib/python3.9/site-packages/torch/cuda/__init__.py:141: UserWarning: CUDA initialization: The NVIDIA driver on your system is too old (found version 11060). Please update your GPU driver by downloading and installing a new version from the URL: http://www.nvidia.com/Download/index.aspx Alternatively, go to: https://pytorch.org to install a PyTorch version that has been compiled with your version of the CUDA driver. (Triggered internally at ../c10/cuda/CUDAFunctions.cpp:108.)
  return torch._C._cuda_getDeviceCount() > 0
11 1030
/home/nlsde/RLmodel/Version2/baseline/PPO-wB-onlyTPS/model create successfully!
EP:1     reward:401.9499793478807    avg_reward:401.9499793478807    time_step:       304
EP:2     reward:1323.8355566447888   avg_reward:862.8927679963347    time_step:      1304
EP:3     reward:1312.9952444178      avg_reward:1012.9269268034899   time_step:      2304
EP:4     reward:936.1580307541327    avg_reward:993.7347027911505    time_step:      3015
EP:5     reward:22.546145727601534   avg_reward:799.4969913784407    time_step:      3031
EP:6     reward:554.8201280311677    avg_reward:758.7175141538952    time_step:      3453
EP:7     reward:706.9398580422206    avg_reward:751.3207061379417    time_step:      3988
EP:8     reward:1317.7155670707355   avg_reward:822.120063754541     time_step:      4988
EP:9     reward:1313.3762222299956   avg_reward:876.7040813629249    time_step:      5988
EP:10    reward:1321.6682992605445   avg_reward:921.2005031526867    time_step:      6988
EP:11    reward:1313.9035556319236   avg_reward:956.9007806507991    time_step:      7988
EP:12    reward:1313.1822314695098   avg_reward:986.5909015523583    time_step:      8988
EP:13    reward:363.64007235766434   avg_reward:938.6716069989203    time_step:      9263
EP:14    reward:1320.5968571863505   avg_reward:965.9519820123081    time_step:     10263
EP:15    reward:1316.3207838730814   avg_reward:989.3099021363597    time_step:     11263
EP:16    reward:1316.5282519423326   avg_reward:1009.7610489992331   time_step:     12263
EP:17    reward:1309.5192296368184   avg_reward:1027.393883154385    time_step:     13263
EP:18    reward:670.5125966288157    avg_reward:1007.5671450140757   time_step:     13767
EP:19    reward:204.61907896148622   avg_reward:965.3067204849918    time_step:     13920
EP:20    reward:1317.4955869676041   avg_reward:982.9161638091225    time_step:     14920
EP:21    reward:1321.7209520141746   avg_reward:999.0497251522202    time_step:     15920
EP:22    reward:300.47853699456766   avg_reward:967.2964893268723    time_step:     16146
EP:23    reward:1315.3125411912201   avg_reward:982.4276220166265    time_step:     17146
EP:24    reward:1314.7042300488288   avg_reward:996.2724806846354    time_step:     18146
EP:25    reward:20.62309944103496    avg_reward:957.2465054348914    time_step:     18161
EP:26    reward:1304.150878765534    avg_reward:970.5889813322239    time_step:     19161
EP:27    reward:860.622392501138     avg_reward:966.5161447088502    time_step:     19818
EP:28    reward:1315.4483175319574   avg_reward:978.9780080239613    time_step:     20818
EP:29    reward:749.2568128454368    avg_reward:971.0565875005639    time_step:     21388
EP:30    reward:1307.2517141464155   avg_reward:982.2630917220922    time_step:     22388
EP:31    reward:1313.1264308254545   avg_reward:992.9361026609104    time_step:     23388
EP:32    reward:1311.4032458385675   avg_reward:1002.888200885212    time_step:     24388
EP:33    reward:1312.6062476318302   avg_reward:1012.2735962411701   time_step:     25388
EP:34    reward:1313.3345163736947   avg_reward:1021.1283291862445   time_step:     26388
EP:35    reward:1310.4524457199354   avg_reward:1029.3947325157785   time_step:     27388
EP:36    reward:1308.3635590838028   avg_reward:1037.1438665871126   time_step:     28388
EP:37    reward:1311.9301741999454   avg_reward:1044.5705235496214   time_step:     29388
EP:38    reward:1316.7865375550134   avg_reward:1051.7341028655528   time_step:     30388
EP:39    reward:9.316147860965165    avg_reward:1025.0054373526145   time_step:     30394
EP:40    reward:1311.951949134502    avg_reward:1032.1791001471618   time_step:     31394
EP:41    reward:1048.0948227893246   avg_reward:1032.5672885042877   time_step:     32184
EP:42    reward:1308.936473736313    avg_reward:1039.1475072002884   time_step:     33184
EP:43    reward:1052.076188324041    avg_reward:1039.4481742031662   time_step:     33981
EP:44    reward:1315.180845754334    avg_reward:1045.7148258293294   time_step:     34981
EP:45    reward:1204.6107259666921   avg_reward:1049.2458458323817   time_step:     35902
EP:46    reward:1309.5144187663186   avg_reward:1054.9038582874673   time_step:     36902
EP:47    reward:1314.3217186003717   avg_reward:1060.423387230295    time_step:     37902
EP:48    reward:729.7081059172448    avg_reward:1053.5334855362732   time_step:     38455
EP:49    reward:1322.5908157364072   avg_reward:1059.024451458725    time_step:     39455
EP:50    reward:1317.3385799938983   avg_reward:1064.1907340294283   time_step:     40455
EP:51    reward:1315.7571104594963   avg_reward:1069.1234080770769   time_step:     41455
EP:52    reward:1318.4058493226178   avg_reward:1073.9173011779526   time_step:     42455
EP:53    reward:1312.2284323431186   avg_reward:1078.413737615031    time_step:     43455
EP:54    reward:1322.050255117677    avg_reward:1082.9255249761914   time_step:     44455
EP:55    reward:1317.5164256994963   avg_reward:1087.1908140802514   time_step:     45455
EP:56    reward:1320.5458780124964   avg_reward:1091.3578687933273   time_step:     46455
EP:57    reward:1325.2391495587385   avg_reward:1095.4610491576327   time_step:     47455
EP:58    reward:533.18576227776      avg_reward:1085.7666476597037   time_step:     47858
EP:59    reward:1320.4103097495222   avg_reward:1089.7436588815651   time_step:     48858
EP:60    reward:1314.8128971694837   avg_reward:1093.4948128530305   time_step:     49858
EP:61    reward:1315.0883798854607   avg_reward:1097.1274942797916   time_step:     50858
EP:62    reward:1313.3948117266784   avg_reward:1100.6156768192577   time_step:     51858
EP:63    reward:1317.276156179743    avg_reward:1104.0547320472017   time_step:     52858
EP:64    reward:1319.8044862692943   avg_reward:1107.425821956922    time_step:     53858
EP:65    reward:1316.7320317535057   avg_reward:1110.645917492254    time_step:     54858
EP:66    reward:740.7183604799245    avg_reward:1105.0409545072187   time_step:     55419
EP:67    reward:1311.812573519906    avg_reward:1108.1270980745721   time_step:     56419
EP:68    reward:1331.8912787974355   avg_reward:1111.4177477910848   time_step:     57419
EP:69    reward:1323.3271751294992   avg_reward:1114.4888989119313   time_step:     58419
EP:70    reward:1321.5287210019967   avg_reward:1117.4466106560753   time_step:     59419
EP:71    reward:1327.0920703048482   avg_reward:1120.3993636088749   time_step:     60419
EP:72    reward:1321.724207149844    avg_reward:1123.1955419913884   time_step:     61419
EP:73    reward:607.2866710792645    avg_reward:1116.128297184373    time_step:     61875
EP:74    reward:1319.5613775410197   avg_reward:1118.8773928648682   time_step:     62875
EP:75    reward:1317.0617587288802   avg_reward:1121.5198510763882   time_step:     63875
EP:76    reward:1324.6972436378837   avg_reward:1124.1932378206186   time_step:     64875
EP:77    reward:1314.0188901059428   avg_reward:1126.6585060321163   time_step:     65875
EP:78    reward:1319.6744734139859   avg_reward:1129.1330697164992   time_step:     66875
EP:79    reward:1330.5402699630347   avg_reward:1131.682527947468    time_step:     67875
EP:80    reward:1323.6696601279389   avg_reward:1134.0823670997238   time_step:     68875
EP:81    reward:1325.8012683557886   avg_reward:1136.449267115231    time_step:     69875
EP:82    reward:1320.9404191955316   avg_reward:1138.699159213771    time_step:     70875
EP:83    reward:1319.4343333918507   avg_reward:1140.8766914327841   time_step:     71875
EP:84    reward:1332.1660083688598   avg_reward:1143.1539452058325   time_step:     72875
EP:85    reward:1330.6582300277842   avg_reward:1145.3598779684437   time_step:     73875
EP:86    reward:1331.1984405685585   avg_reward:1147.5207914870498   time_step:     74875
EP:87    reward:1328.7672427964385   avg_reward:1149.604084030836    time_step:     75875
EP:88    reward:1330.138724334478    avg_reward:1151.6556140342864   time_step:     76875
EP:89    reward:1321.6125703399744   avg_reward:1153.565242756822    time_step:     77875
EP:90    reward:1329.7364304478624   avg_reward:1155.5227003978337   time_step:     78875
EP:91    reward:1049.1888045831734   avg_reward:1154.354196048222    time_step:     79663
EP:92    reward:1334.8070669878716   avg_reward:1156.315640297566    time_step:     80663
EP:93    reward:1332.2889664261702   avg_reward:1158.2078266000242   time_step:     81663
EP:94    reward:1333.2806624601842   avg_reward:1160.07030357726     time_step:     82663
EP:95    reward:1330.8635547765832   avg_reward:1161.8681272740948   time_step:     83663
EP:96    reward:1337.742531182464    avg_reward:1163.7001523148072   time_step:     84663
EP:97    reward:1334.6192223072906   avg_reward:1165.4622045827707   time_step:     85663
EP:98    reward:1327.0696990821239   avg_reward:1167.1112606490908   time_step:     86663
EP:99    reward:1325.3251091207417   avg_reward:1168.7093803306225   time_step:     87663
EP:100   reward:1334.3985456885812   avg_reward:1170.3662719842023   time_step:     88663
EP:101   reward:1325.1962782975918   avg_reward:1179.5987349736993   time_step:     89663
EP:102   reward:1335.9313282243309   avg_reward:1179.7196926894947   time_step:     90663
EP:103   reward:1335.7647444428908   avg_reward:1179.9473876897455   time_step:     91663
EP:104   reward:1337.8242100165992   avg_reward:1183.9640494823702   time_step:     92663
EP:105   reward:1335.9380212696713   avg_reward:1197.0979682377908   time_step:     93663
EP:106   reward:1333.5686394128204   avg_reward:1204.8854533516073   time_step:     94663
EP:107   reward:1334.241025054925    avg_reward:1211.1584650217344   time_step:     95663
EP:108   reward:1330.6395645586329   avg_reward:1211.2877049966135   time_step:     96663
EP:109   reward:1335.7671491112294   avg_reward:1211.5116142654258   time_step:     97663
EP:110   reward:1329.393532992466    avg_reward:1211.5888666027452   time_step:     98663
EP:111   reward:1339.6006921855044   avg_reward:1211.8458379682809   time_step:     99663
EP:112   reward:1336.9339092392188   avg_reward:1212.0833547459779   time_step:    100663
EP:113   reward:1330.0202139909923   avg_reward:1221.7471561623113   time_step:    101663
EP:114   reward:1334.0363710230172   avg_reward:1221.881551300678    time_step:    102663
EP:115   reward:1332.0631359998006   avg_reward:1222.038974821945    time_step:    103663
EP:116   reward:1342.0279875298984   avg_reward:1222.293972177821    time_step:    104663
EP:117   reward:1339.8270838168494   avg_reward:1222.597050719621    time_step:    105663
EP:118   reward:1351.7548895524794   avg_reward:1229.4094736488578   time_step:    106663
EP:119   reward:1344.2956085017493   avg_reward:1240.8062389442605   time_step:    107663
EP:120   reward:1339.2046942906065   avg_reward:1241.0233300174905   time_step:    108663
EP:121   reward:1339.677311392593    avg_reward:1241.2028936112745   time_step:    109663
EP:122   reward:1338.0438074833596   avg_reward:1251.5785463161626   time_step:    110663
EP:123   reward:1339.0580889463583   avg_reward:1251.816001793714    time_step:    111663
EP:124   reward:1337.621077960444    avg_reward:1252.04517027283     time_step:    112663
EP:125   reward:1333.8600940529357   avg_reward:1265.177540218949    time_step:    113663
EP:126   reward:1330.4863001934357   avg_reward:1265.440894433228    time_step:    114663
EP:127   reward:1341.0811269182607   avg_reward:1270.2454817773992   time_step:    115663
EP:128   reward:1353.523275979035    avg_reward:1270.6262313618702   time_step:    116663
EP:129   reward:1339.255494096553    avg_reward:1276.5262181743813   time_step:    117663
EP:130   reward:1343.0361484292175   avg_reward:1276.8840625172093   time_step:    118663
EP:131   reward:1341.4484491095236   avg_reward:1277.16728270005     time_step:    119663
EP:132   reward:1336.720589558059    avg_reward:1277.4204561372449   time_step:    120663
EP:133   reward:1341.3665821590153   avg_reward:1277.7080594825168   time_step:    121663
EP:134   reward:1350.2623383094524   avg_reward:1278.077337701874    time_step:    122663
EP:135   reward:1340.6796106235136   avg_reward:1278.37960935091     time_step:    123663
EP:136   reward:1351.4246642997489   avg_reward:1278.8102204030695   time_step:    124663
EP:137   reward:1353.4589398120604   avg_reward:1279.2255080591904   time_step:    125663
EP:138   reward:1341.8473628419442   avg_reward:1279.47611631206     time_step:    126663
EP:139   reward:1342.0702370103154   avg_reward:1292.8036572035535   time_step:    127663
EP:140   reward:1341.6770531888476   avg_reward:1293.100908244097    time_step:    128663
EP:141   reward:1347.8072516426291   avg_reward:1296.09803253263     time_step:    129663
EP:142   reward:1351.781777583072    avg_reward:1296.5264855710975   time_step:    130663
EP:143   reward:1346.4601453166015   avg_reward:1299.4703251410233   time_step:    131663
EP:144   reward:1342.0132965339162   avg_reward:1299.7386496488189   time_step:    132663
EP:145   reward:1345.5742839962072   avg_reward:1301.1482852291142   time_step:    133663
EP:146   reward:1354.019804476698    avg_reward:1301.5933390862178   time_step:    134663
EP:147   reward:1354.688421713401    avg_reward:1301.9970061173483   time_step:    135663
EP:148   reward:1343.1007857449858   avg_reward:1308.1309329156256   time_step:    136663
EP:149   reward:1365.2722262119219   avg_reward:1308.557747020381    time_step:    137663
EP:150   reward:1358.2235359955678   avg_reward:1308.9665965803977   time_step:    138663
EP:151   reward:1352.640848942764    avg_reward:1309.3354339652303   time_step:    139663
EP:152   reward:1358.3016319188032   avg_reward:1309.7343917911921   time_step:    140663
EP:153   reward:1356.2710473835066   avg_reward:1310.1748179415958   time_step:    141663
EP:154   reward:1356.0567423693115   avg_reward:1310.5148828141123   time_step:    142663
EP:155   reward:745.0574243966439    avg_reward:1304.7902928010838   time_step:    143209
EP:156   reward:1360.0241249475828   avg_reward:1305.1850752704347   time_step:    144209
EP:157   reward:1347.8702193831848   avg_reward:1305.411385968679    time_step:    145209
EP:158   reward:1359.383932598409    avg_reward:1313.6733676718857   time_step:    146209
EP:159   reward:1353.940169703579    avg_reward:1314.0086662714261   time_step:    147209
EP:160   reward:1358.4053649683422   avg_reward:1314.4445909494148   time_step:    148209
EP:161   reward:1367.4449698267165   avg_reward:1314.9681568488274   time_step:    149209
EP:162   reward:1361.7530597211976   avg_reward:1315.4517393287724   time_step:    150209
EP:163   reward:1350.2453540846477   avg_reward:1315.7814313078218   time_step:    151209
EP:164   reward:574.5770608206908    avg_reward:1308.3291570533356   time_step:    151627
EP:165   reward:1358.5594430631086   avg_reward:1308.7474311664316   time_step:    152627
EP:166   reward:1357.4233589626108   avg_reward:1314.9144811512585   time_step:    153627
EP:167   reward:1363.367233990674    avg_reward:1315.430027755966    time_step:    154627
EP:168   reward:1362.9453439665035   avg_reward:1315.7405684076566   time_step:    155627
EP:169   reward:1354.4773723648027   avg_reward:1316.0520703800098   time_step:    156627
EP:170   reward:1369.7185251305082   avg_reward:1316.533968421295    time_step:    157627
EP:171   reward:1361.954303728465    avg_reward:1316.882590755531    time_step:    158627
EP:172   reward:1364.7892184502518   avg_reward:1317.313240868535    time_step:    159627
EP:173   reward:1370.109300805134    avg_reward:1324.941467165794    time_step:    160627
EP:174   reward:1365.0977156343836   avg_reward:1325.3968305467276   time_step:    161627
EP:175   reward:1368.0995409880893   avg_reward:1325.90720836932     time_step:    162627
EP:176   reward:1369.43743803389     avg_reward:1326.3546103132799   time_step:    163627
EP:177   reward:1354.4536320179539   avg_reward:1326.7589577323995   time_step:    164627
EP:178   reward:1374.4358957609672   avg_reward:1327.3065719558695   time_step:    165627
EP:179   reward:1377.1874879044838   avg_reward:1327.773044135284    time_step:    166627
EP:180   reward:1364.3035498046827   avg_reward:1328.1793830320516   time_step:    167627
EP:181   reward:1379.443875528516    avg_reward:1328.7158091037788   time_step:    168627
EP:182   reward:1364.3227956222627   avg_reward:1329.149632868046    time_step:    169627
EP:183   reward:1372.1008649054313   avg_reward:1329.676298183182    time_step:    170627
EP:184   reward:1362.6434480461796   avg_reward:1329.9810725799553   time_step:    171627
EP:185   reward:1367.5351865250261   avg_reward:1330.3498421449276   time_step:    172627
EP:186   reward:1368.5443623142485   avg_reward:1330.7233013623845   time_step:    173627
EP:187   reward:1375.6587047955281   avg_reward:1331.1922159823753   time_step:    174627
EP:188   reward:1367.3392105903083   avg_reward:1331.564220844934    time_step:    175627
EP:189   reward:1371.7043588421736   avg_reward:1332.0651387299556   time_step:    176627
EP:190   reward:1381.0998868327872   avg_reward:1332.578773293805    time_step:    177627
EP:191   reward:1368.7765588391105   avg_reward:1335.7746508363641   time_step:    178627
EP:192   reward:1375.1570942528922   avg_reward:1336.1781511090144   time_step:    179627
EP:193   reward:1374.596549973603    avg_reward:1336.6012269444886   time_step:    180627
EP:194   reward:1370.83500517922     avg_reward:1336.976770371679    time_step:    181627
EP:195   reward:1381.4205593998634   avg_reward:1337.4823404179122   time_step:    182627
EP:196   reward:1362.6096168458828   avg_reward:1337.731011274546    time_step:    183627
EP:197   reward:1378.8908257027676   avg_reward:1338.173727308501    time_step:    184627
EP:198   reward:1378.5012726623288   avg_reward:1338.6880430443032   time_step:    185627
EP:199   reward:1363.753391889955    avg_reward:1339.0723258719952   time_step:    186627
EP:200   reward:1378.443753080012    avg_reward:1339.5127779459092   time_step:    187627
EP:201   reward:1361.518766350884    avg_reward:1339.8760028264421   time_step:    188627
EP:202   reward:1378.5030121332775   avg_reward:1340.3017196655317   time_step:    189627
EP:203   reward:1378.8602910382115   avg_reward:1340.732675131485    time_step:    190627
EP:204   reward:1386.4907200607975   avg_reward:1341.2193402319267   time_step:    191627
EP:205   reward:1385.4791270335331   avg_reward:1341.7147512895654   time_step:    192627
EP:206   reward:1373.7385440101243   avg_reward:1342.1164503355385   time_step:    193627
EP:207   reward:1371.2848787139937   avg_reward:1342.4868888721292   time_step:    194627
EP:208   reward:1375.5060434249058   avg_reward:1342.9355536607918   time_step:    195627
EP:209   reward:1374.7965901297657   avg_reward:1343.3258480709774   time_step:    196627
EP:210   reward:1389.1844973689358   avg_reward:1343.9237577147421   time_step:    197627
EP:211   reward:1372.5565550095498   avg_reward:1344.2533163429825   time_step:    198627
EP:212   reward:1384.7315600313905   avg_reward:1344.7312928509045   time_step:    199627
EP:213   reward:1384.0099859842753   avg_reward:1345.271190570837    time_step:    200627
EP:214   reward:1384.137225119535    avg_reward:1345.7721991118024   time_step:    201627
EP:215   reward:1379.2608418227348   avg_reward:1346.2441761700318   time_step:    202627
EP:216   reward:1379.4293038838375   avg_reward:1346.618189333571    time_step:    203627
EP:217   reward:1381.1533498955737   avg_reward:1347.0314519943581   time_step:    204627
EP:218   reward:1383.460713984256    avg_reward:1347.3485102386765   time_step:    205627
EP:219   reward:1384.0182053539634   avg_reward:1347.7457362071984   time_step:    206627
EP:220   reward:1386.985241423315    avg_reward:1348.223541678525    time_step:    207627
EP:221   reward:1375.0845466720402   avg_reward:1348.5776140313196   time_step:    208627
EP:222   reward:1383.1551733959352   avg_reward:1349.0287276904453   time_step:    209627
EP:223   reward:1391.9902787553983   avg_reward:1349.5580495885358   time_step:    210627
EP:224   reward:1387.9609328573083   avg_reward:1350.0614481375044   time_step:    211627
EP:225   reward:1387.4325511752675   avg_reward:1350.5971727087276   time_step:    212627
EP:226   reward:1387.703717660003    avg_reward:1351.1693468833937   time_step:    213627
EP:227   reward:1385.2342896725236   avg_reward:1351.610878510936    time_step:    214627
EP:228   reward:1393.8442722331345   avg_reward:1352.0140884734772   time_step:    215627
EP:229   reward:1383.0732276447845   avg_reward:1352.4522658089595   time_step:    216627
EP:230   reward:1386.8753933914077   avg_reward:1352.8906582585812   time_step:    217627
EP:231   reward:1373.2232322972613   avg_reward:1353.2084060904585   time_step:    218627
EP:232   reward:1382.8507772359121   avg_reward:1353.669707967237    time_step:    219627
EP:233   reward:1388.3752076321923   avg_reward:1354.139794221969    time_step:    220627
EP:234   reward:1388.8218611694363   avg_reward:1354.5253894505688   time_step:    221627
EP:235   reward:1383.2186352859103   avg_reward:1354.9507796971927   time_step:    222627
EP:236   reward:1394.2068609522466   avg_reward:1355.378601663718    time_step:    223627
EP:237   reward:1390.1501384009698   avg_reward:1355.7455136496071   time_step:    224627
EP:238   reward:1398.4186356519606   avg_reward:1356.3112263777068   time_step:    225627
EP:239   reward:1383.6149881819847   avg_reward:1356.7266738894236   time_step:    226627
EP:240   reward:1392.706213409809    avg_reward:1357.236965491633    time_step:    227627
EP:241   reward:1391.1063291344656   avg_reward:1357.6699562665515   time_step:    228627
EP:242   reward:1389.6580838483333   avg_reward:1358.0487193292042   time_step:    229627
EP:243   reward:1388.5342201051426   avg_reward:1358.46946007709     time_step:    230627
EP:244   reward:1387.9535508984764   avg_reward:1358.9288626207353   time_step:    231627
EP:245   reward:1389.599765046996    avg_reward:1359.3691174312435   time_step:    232627
EP:246   reward:1385.284390720659    avg_reward:1359.6817632936827   time_step:    233627
EP:247   reward:1381.1125754129112   avg_reward:1359.9460048306778   time_step:    234627
EP:248   reward:1381.1739678608942   avg_reward:1360.3267366518369   time_step:    235627
EP:249   reward:1389.2142654445668   avg_reward:1360.5661570441634   time_step:    236627
EP:250   reward:1394.0467701594193   avg_reward:1360.924389385802    time_step:    237627
EP:251   reward:1377.7063895103313   avg_reward:1361.1750447914778   time_step:    238627
EP:252   reward:1388.4677245307305   avg_reward:1361.4767057175968   time_step:    239627
EP:253   reward:1385.3640484249636   avg_reward:1361.7676357280113   time_step:    240627
EP:254   reward:1392.9680914057863   avg_reward:1362.136749218376    time_step:    241627
EP:255   reward:1396.4892030634333   avg_reward:1368.6510670050438   time_step:    242627
EP:256   reward:1387.7054379480483   avg_reward:1368.9278801350488   time_step:    243627
EP:257   reward:1383.1208606976802   avg_reward:1369.2803865481937   time_step:    244627
EP:258   reward:1398.800981803894    avg_reward:1369.6745570402481   time_step:    245627
EP:259   reward:1389.0482791956422   avg_reward:1370.0256381351692   time_step:    246627
EP:260   reward:1399.0732208547204   avg_reward:1370.432316694033    time_step:    247627
EP:261   reward:1391.0360861421987   avg_reward:1370.6682278571877   time_step:    248627
EP:262   reward:1393.6050366862833   avg_reward:1370.986747626839    time_step:    249627
EP:263   reward:1393.457821258034    avg_reward:1371.4188722985728   time_step:    250627
EP:264   reward:1381.7428601610939   avg_reward:1379.4905302919767   time_step:    251627
EP:265   reward:1397.9077870521326   avg_reward:1379.8840137318666   time_step:    252627
EP:266   reward:1403.83297327666     avg_reward:1380.3481098750074   time_step:    253627
EP:267   reward:1400.2061672466184   avg_reward:1380.716499207567    time_step:    254627
EP:268   reward:1393.629407961461    avg_reward:1381.0233398475166   time_step:    255627
EP:269   reward:1395.0211780240463   avg_reward:1381.4287779041088   time_step:    256627
EP:270   reward:1413.0926774604002   avg_reward:1381.8625194274075   time_step:    257627
EP:271   reward:1397.451904259261    avg_reward:1382.2174954327156   time_step:    258627
EP:272   reward:1395.2233049390159   avg_reward:1382.5218362976032   time_step:    259627
EP:273   reward:1397.9123810306999   avg_reward:1382.799867099859    time_step:    260627
EP:274   reward:1406.309284765143    avg_reward:1383.2119827911667   time_step:    261627
EP:275   reward:1404.8648306794332   avg_reward:1383.57963568808     time_step:    262627
EP:276   reward:1391.5168242618931   avg_reward:1383.80042955036     time_step:    263627
EP:277   reward:1391.7830459197223   avg_reward:1384.173723689378    time_step:    264627
EP:278   reward:1400.4076173937133   avg_reward:1384.4334409057049   time_step:    265627
EP:279   reward:1395.7603343847625   avg_reward:1384.6191693705082   time_step:    266627
EP:280   reward:1417.1313522058501   avg_reward:1385.1474473945198   time_step:    267627
EP:281   reward:1407.2554932513365   avg_reward:1385.425563571748    time_step:    268627
EP:282   reward:1398.8797419042423   avg_reward:1385.7711330345674   time_step:    269627
EP:283   reward:1404.7139704931476   avg_reward:1386.0972640904447   time_step:    270627
EP:284   reward:1399.9756883528567   avg_reward:1386.4705864935115   time_step:    271627
EP:285   reward:1410.0305058298586   avg_reward:1386.89553968656     time_step:    272627
EP:286   reward:1406.533763626294    avg_reward:1387.2754336996804   time_step:    273627
EP:287   reward:1411.657396212361    avg_reward:1387.6354206138485   time_step:    274627
EP:288   reward:1409.928032030248    avg_reward:1388.061308828248    time_step:    275627
EP:289   reward:1409.8432122392958   avg_reward:1388.4426973622194   time_step:    276627
EP:290   reward:1419.419908862406    avg_reward:1388.8258975825154   time_step:    277627
EP:291   reward:1407.9415817964168   avg_reward:1389.2175478120885   time_step:    278627
EP:292   reward:1402.5069545936637   avg_reward:1389.4910464154964   time_step:    279627
EP:293   reward:1409.4304366301249   avg_reward:1389.8393852820618   time_step:    280627
EP:294   reward:1416.4753408556203   avg_reward:1390.2957886388258   time_step:    281627
EP:295   reward:1412.8791570181204   avg_reward:1390.6103746150081   time_step:    282627
EP:296   reward:1409.5929359966103   avg_reward:1391.0802078065153   time_step:    283627
EP:297   reward:1412.118389971865    avg_reward:1391.4124834492065   time_step:    284627
EP:298   reward:1407.8072278546474   avg_reward:1391.7055430011294   time_step:    285627
EP:299   reward:1414.1139517481624   avg_reward:1392.2091485997112   time_step:    286627
EP:300   reward:1413.1136958830973   avg_reward:1392.5558480277425   time_step:    287627
EP:301   reward:1431.600123695332    avg_reward:1393.2566616011868   time_step:    288627
EP:302   reward:1422.9010569375262   avg_reward:1393.7006420492294   time_step:    289627
EP:303   reward:1414.539542485051    avg_reward:1394.0574345636976   time_step:    290627
EP:304   reward:1425.078053161048    avg_reward:1394.4433078947002   time_step:    291627
EP:305   reward:1414.0395601684777   avg_reward:1394.7289122260495   time_step:    292627
EP:306   reward:1417.2604642223134   avg_reward:1395.1641314281712   time_step:    293627
EP:307   reward:1411.6322944829571   avg_reward:1395.567605585861    time_step:    294627
EP:308   reward:1420.5228753573572   avg_reward:1396.0177739051858   time_step:    295627
EP:309   reward:1419.1684544318052   avg_reward:1396.4614925482063   time_step:    296627
EP:310   reward:1429.1693258193159   avg_reward:1396.86134083271     time_step:    297627
EP:311   reward:1418.129124631608    avg_reward:1397.3170665289308   time_step:    298627
EP:312   reward:1427.7227173423635   avg_reward:1397.7469781020402   time_step:    299627
EP:313   reward:1406.4842056226323   avg_reward:1397.9717202984239   time_step:    300627
EP:314   reward:1416.9668669018474   avg_reward:1398.300016716247    time_step:    301627
EP:315   reward:1410.7610271754738   avg_reward:1398.6150185697743   time_step:    302627
EP:316   reward:1421.2472242026247   avg_reward:1399.0331977729618   time_step:    303627
EP:317   reward:1426.396230428537    avg_reward:1399.4856265782914   time_step:    304627
EP:318   reward:1421.0271867648275   avg_reward:1399.8612913060974   time_step:    305627
EP:319   reward:1419.9613999684204   avg_reward:1400.2207232522421   time_step:    306627
EP:320   reward:1411.0152150972458   avg_reward:1400.4610229889815   time_step:    307627
EP:321   reward:1423.1858352573126   avg_reward:1400.9420358748348   time_step:    308627
EP:322   reward:1408.435977506341    avg_reward:1401.1948439159385   time_step:    309627
EP:323   reward:1410.8450981914762   avg_reward:1401.3833921102987   time_step:    310627
EP:324   reward:1420.2102709994692   avg_reward:1401.7058854917204   time_step:    311627
EP:325   reward:1406.273551902968    avg_reward:1401.8942954989973   time_step:    312627
EP:326   reward:1405.4929452516487   avg_reward:1402.0721877749136   time_step:    313627
EP:327   reward:1413.6129109402002   avg_reward:1402.3559739875905   time_step:    314627
EP:328   reward:1425.2992534479524   avg_reward:1402.6705237997385   time_step:    315627
EP:329   reward:1414.1818906416645   avg_reward:1402.9816104297074   time_step:    316627
EP:330   reward:1421.6459590004729   avg_reward:1403.3293160857984   time_step:    317627
EP:331   reward:1416.7262176365966   avg_reward:1403.7643459391918   time_step:    318627
EP:332   reward:1417.2539457882303   avg_reward:1404.1083776247149   time_step:    319627
EP:333   reward:1421.6955709060899   avg_reward:1404.4415812574543   time_step:    320627
EP:334   reward:1427.8109276958662   avg_reward:1404.8314719227183   time_step:    321627
EP:335   reward:1422.301149952584    avg_reward:1405.222297069385    time_step:    322627
EP:336   reward:1417.1481785487892   avg_reward:1405.4517102453503   time_step:    323627
EP:337   reward:1423.025061290251    avg_reward:1405.780459474243    time_step:    324627
EP:338   reward:1419.5841449037146   avg_reward:1405.9921145667606   time_step:    325627
EP:339   reward:1408.2816709284598   avg_reward:1406.2387813942253   time_step:    326627
EP:340   reward:1411.0009777224986   avg_reward:1406.4217290373524   time_step:    327627
EP:341   reward:1413.7208665783694   avg_reward:1406.6478744117912   time_step:    328627
EP:342   reward:1408.981316365095    avg_reward:1406.841106736959    time_step:    329627
EP:343   reward:1414.21469895818     avg_reward:1407.0979115254893   time_step:    330627
EP:344   reward:1411.2815586407314   avg_reward:1407.3311916029122   time_step:    331627
EP:345   reward:1421.2055850845354   avg_reward:1407.6472498032877   time_step:    332627
EP:346   reward:1416.1641073897476   avg_reward:1407.9560469699784   time_step:    333627
EP:347   reward:1418.785419202874    avg_reward:1408.3327754078782   time_step:    334627
EP:348   reward:1418.5750279563526   avg_reward:1408.7067860088325   time_step:    335627
EP:349   reward:1421.1034076990734   avg_reward:1409.0256774313777   time_step:    336627
EP:350   reward:1423.2356254609765   avg_reward:1409.317565984393    time_step:    337627
EP:351   reward:1418.2111351720816   avg_reward:1409.7226134410107   time_step:    338627
EP:352   reward:1407.3948121947162   avg_reward:1409.9118843176504   time_step:    339627
EP:353   reward:1417.0997165745425   avg_reward:1410.2292409991462   time_step:    340627
EP:354   reward:1411.5933722470402   avg_reward:1410.4154938075583   time_step:    341627
EP:355   reward:1413.6454250389484   avg_reward:1410.5870560273138   time_step:    342627
EP:356   reward:1412.6549779577103   avg_reward:1410.83655142741     time_step:    343627
EP:357   reward:1414.0146290370567   avg_reward:1411.1454891108044   time_step:    344627
EP:358   reward:1418.8508481167412   avg_reward:1411.3459877739328   time_step:    345627
EP:359   reward:1403.2951400278284   avg_reward:1411.4884563822548   time_step:    346627
EP:360   reward:1416.041067330285    avg_reward:1411.6581348470104   time_step:    347627
EP:361   reward:1417.8445826267512   avg_reward:1411.9262198118554   time_step:    348627
EP:362   reward:1416.6029429941373   avg_reward:1412.1561988749343   time_step:    349627
EP:363   reward:1409.8676856535167   avg_reward:1412.3202975188888   time_step:    350627
EP:364   reward:1404.4760496552046   avg_reward:1412.5476294138298   time_step:    351627
EP:365   reward:1412.9601589688612   avg_reward:1412.6981531329975   time_step:    352627
EP:366   reward:1405.793189769318    avg_reward:1412.7177552979244   time_step:    353627
EP:367   reward:1410.837853226708    avg_reward:1412.8240721577251   time_step:    354627
EP:368   reward:1405.8497059024019   avg_reward:1412.9462751371343   time_step:    355627
EP:369   reward:1405.0061648409142   avg_reward:1413.0461250053029   time_step:    356627
EP:370   reward:1397.851124900171    avg_reward:1412.8937094797004   time_step:    357627
EP:371   reward:1419.0009219428114   avg_reward:1413.1091996565365   time_step:    358627
EP:372   reward:1410.9859843549054   avg_reward:1413.2668264506951   time_step:    359627
EP:373   reward:1407.476879143111    avg_reward:1413.3624714318191   time_step:    360627
EP:374   reward:1416.6250532546287   avg_reward:1413.465629116714    time_step:    361627
EP:375   reward:1398.8850788202305   avg_reward:1413.405831598122    time_step:    362627
EP:376   reward:1406.8918459568424   avg_reward:1413.5595818150716   time_step:    363627
EP:377   reward:1424.9573123597677   avg_reward:1413.8913244794721   time_step:    364627
EP:378   reward:1409.6749692285584   avg_reward:1413.9839979978206   time_step:    365627
EP:379   reward:1403.8603891932505   avg_reward:1414.0649985459054   time_step:    366627
EP:380   reward:1406.3361778011063   avg_reward:1413.9570468018583   time_step:    367627
EP:381   reward:1407.002819399992    avg_reward:1413.9545200633445   time_step:    368627
EP:382   reward:1408.8435021486177   avg_reward:1414.0541576657881   time_step:    369627
EP:383   reward:1408.4247816345235   avg_reward:1414.0912657772017   time_step:    370627
EP:384   reward:1410.4627768541732   avg_reward:1414.1961366622154   time_step:    371627
EP:385   reward:1410.2432933460327   avg_reward:1414.1982645373764   time_step:    372627
EP:386   reward:1406.4220329541379   avg_reward:1414.1971472306552   time_step:    373627
EP:387   reward:1415.3755533644903   avg_reward:1414.2343288021764   time_step:    374627
EP:388   reward:1413.5231738728755   avg_reward:1414.270280220603    time_step:    375627
EP:389   reward:1414.9905016182863   avg_reward:1414.321753114393    time_step:    376627
EP:390   reward:1410.1037245539026   avg_reward:1414.2285912713073   time_step:    377627
EP:391   reward:1410.1183031109529   avg_reward:1414.2503584844528   time_step:    378627
EP:392   reward:1404.672186199982    avg_reward:1414.272010800516    time_step:    379627
EP:393   reward:1414.0844104057617   avg_reward:1414.3185505382728   time_step:    380627
EP:394   reward:1419.6731382652438   avg_reward:1414.350528512369    time_step:    381627
EP:395   reward:1407.1483860213505   avg_reward:1414.2932208024015   time_step:    382627
EP:396   reward:1413.82053961094     avg_reward:1414.3354968385445   time_step:    383627
EP:397   reward:1413.7981026604482   avg_reward:1414.3522939654304   time_step:    384627
EP:398   reward:1402.871015038244    avg_reward:1414.3029318372664   time_step:    385627
EP:399   reward:1409.7031331583842   avg_reward:1414.2588236513686   time_step:    386627
EP:400   reward:1413.7129815181002   avg_reward:1414.2648165077187   time_step:    387627
EP:401   reward:1407.3842605056066   avg_reward:1414.0226578758216   time_step:    388627
EP:402   reward:1409.1261692341702   avg_reward:1413.884908998788    time_step:    389627
EP:403   reward:1409.740115417107    avg_reward:1413.8369147281085   time_step:    390627
EP:404   reward:1408.5650711573046   avg_reward:1413.671784908071    time_step:    391627
EP:405   reward:1414.4249476711846   avg_reward:1413.675638783098    time_step:    392627
EP:406   reward:1402.1388240237197   avg_reward:1413.5244223811123   time_step:    393627
EP:407   reward:1407.2783963911747   avg_reward:1413.480883400194    time_step:    394627
EP:408   reward:1405.683853849555    avg_reward:1413.3324931851164   time_step:    395627
EP:409   reward:1409.1376738061697   avg_reward:1413.2321853788599   time_step:    396627
EP:410   reward:1406.7495796485641   avg_reward:1413.0079879171526   time_step:    397627
EP:411   reward:1401.1172248417113   avg_reward:1412.8378689192534   time_step:    398627
EP:412   reward:1407.9074763572276   avg_reward:1412.639716509402    time_step:    399627
EP:413   reward:1403.457956604671    avg_reward:1412.609454019222    time_step:    400627
EP:414   reward:1413.9614936536261   avg_reward:1412.5794002867399   time_step:    401627
EP:415   reward:1410.817333589018    avg_reward:1412.5799633508752   time_step:    402627
EP:416   reward:1409.0987799750392   avg_reward:1412.4584789085995   time_step:    403627
EP:417   reward:1418.4288208976295   avg_reward:1412.3788048132906   time_step:    404627
EP:418   reward:1416.163898524395    avg_reward:1412.3301719308863   time_step:    405627
EP:419   reward:1401.3769423637575   avg_reward:1412.1443273548398   time_step:    406627
EP:420   reward:1401.0059938829775   avg_reward:1412.044235142697    time_step:    407627
EP:421   reward:1405.6215689672679   avg_reward:1411.8685924797971   time_step:    408627
EP:422   reward:1404.6591045699404   avg_reward:1411.8308237504327   time_step:    409627
EP:423   reward:1408.0541377948866   avg_reward:1411.8029141464667   time_step:    410627
EP:424   reward:1407.691587735484    avg_reward:1411.6777273138268   time_step:    411627
EP:425   reward:1406.2193728275756   avg_reward:1411.6771855230731   time_step:    412627
EP:426   reward:1411.9774739907202   avg_reward:1411.742030810464    time_step:    413627
EP:427   reward:1406.8127698193578   avg_reward:1411.674029399256    time_step:    414627
EP:428   reward:1410.7422444378797   avg_reward:1411.528459309155    time_step:    415627
EP:429   reward:1404.326007262084    avg_reward:1411.429900475359    time_step:    416627
EP:430   reward:1408.17956933832     avg_reward:1411.2952365787378   time_step:    417627
EP:431   reward:1413.5211862179588   avg_reward:1411.263186264551    time_step:    418627
EP:432   reward:1401.8959953243848   avg_reward:1411.1096067599126   time_step:    419627
EP:433   reward:1417.1532635717288   avg_reward:1411.0641836865689   time_step:    420627
EP:434   reward:1409.4382868437729   avg_reward:1410.880457278048    time_step:    421627
EP:435   reward:1408.6411211182742   avg_reward:1410.743856989705    time_step:    422627
EP:436   reward:1404.9684925337153   avg_reward:1410.622060129554    time_step:    423627
EP:437   reward:1406.551998382653    avg_reward:1410.4573295004782   time_step:    424627
EP:438   reward:1411.367672406028    avg_reward:1410.3751647755014   time_step:    425627
EP:439   reward:1408.685801047107    avg_reward:1410.3792060766878   time_step:    426627
EP:440   reward:1408.568394521712    avg_reward:1410.3548802446799   time_step:    427627
EP:441   reward:1424.1747132294636   avg_reward:1410.4594187111904   time_step:    428627
EP:442   reward:1418.2647505798006   avg_reward:1410.5522530533378   time_step:    429627
EP:443   reward:1407.3178153743495   avg_reward:1410.4832842174997   time_step:    430627
EP:444   reward:1405.821984181286    avg_reward:1410.4286884729052   time_step:    431627
EP:445   reward:1412.6559751084758   avg_reward:1410.3431923731446   time_step:    432627
EP:446   reward:1410.3640955631163   avg_reward:1410.2851922548784   time_step:    433627
EP:447   reward:1417.0259904732482   avg_reward:1410.267597967582    time_step:    434627
EP:448   reward:1403.9571120962778   avg_reward:1410.1214188089812   time_step:    435627
EP:449   reward:1413.726347780791    avg_reward:1410.0476482097986   time_step:    436627
EP:450   reward:1413.2728669017552   avg_reward:1409.948020624206    time_step:    437627
EP:451   reward:1413.3453269649076   avg_reward:1409.8993625421344   time_step:    438627
EP:452   reward:1415.6883470638177   avg_reward:1409.9822978908255   time_step:    439627
EP:453   reward:1416.8511009652136   avg_reward:1409.9798117347323   time_step:    440627
EP:454   reward:1421.900100318887    avg_reward:1410.0828790154505   time_step:    441627
EP:455   reward:1415.6270438274953   avg_reward:1410.1026952033355   time_step:    442627
EP:456   reward:1413.2600756850252   avg_reward:1410.108746180609    time_step:    443627
EP:457   reward:1419.0528437518499   avg_reward:1410.1591283277571   time_step:    444627
EP:458   reward:1417.674935269395    avg_reward:1410.1473691992837   time_step:    445627
EP:459   reward:1421.9081076221614   avg_reward:1410.333498875227    time_step:    446627
EP:460   reward:1422.9094714008875   avg_reward:1410.402182915933    time_step:    447627
EP:461   reward:1423.4142447216261   avg_reward:1410.4578795368816   time_step:    448627
EP:462   reward:1417.484601801545    avg_reward:1410.466696124956    time_step:    449627
EP:463   reward:1419.790615345612    avg_reward:1410.565925421877    time_step:    450627
EP:464   reward:1415.0019342312144   avg_reward:1410.6711842676368   time_step:    451627
EP:465   reward:1423.5738634268912   avg_reward:1410.777321312217    time_step:    452627
EP:466   reward:1414.4673845606637   avg_reward:1410.8640632601307   time_step:    453627
EP:467   reward:1418.9500192453784   avg_reward:1410.9451849203176   time_step:    454627
EP:468   reward:1423.9307703526943   avg_reward:1411.1259955648204   time_step:    455627
EP:469   reward:1409.7200631219034   avg_reward:1411.1731345476303   time_step:    456627
EP:470   reward:1423.9426333101721   avg_reward:1411.43404963173     time_step:    457627
EP:471   reward:1426.3452370603802   avg_reward:1411.5074927829055   time_step:    458627
EP:472   reward:1419.4799926788407   avg_reward:1411.5924328661454   time_step:    459627
EP:473   reward:1428.2379125305472   avg_reward:1411.8000432000197   time_step:    460627
EP:474   reward:1414.6014325767899   avg_reward:1411.7798069932414   time_step:    461627
EP:475   reward:1425.8407460564106   avg_reward:1412.0493636656029   time_step:    462627
EP:476   reward:1416.8750729577928   avg_reward:1412.1491959356124   time_step:    463627
EP:477   reward:1411.7579512931254   avg_reward:1412.0172023249459   time_step:    464627
EP:478   reward:1422.995124463103    avg_reward:1412.1504038772912   time_step:    465627
EP:479   reward:1412.5684663936224   avg_reward:1412.2374846492953   time_step:    466627
EP:480   reward:1422.523547846105    avg_reward:1412.399358349745    time_step:    467627
EP:481   reward:1419.2530760865857   avg_reward:1412.521860916611    time_step:    468627
EP:482   reward:1425.4255177342131   avg_reward:1412.6876810724673   time_step:    469627
EP:483   reward:1418.2160512744827   avg_reward:1412.7855937688666   time_step:    470627
EP:484   reward:1416.7555227728262   avg_reward:1412.848521228053    time_step:    471627
EP:485   reward:1421.6754585761307   avg_reward:1412.9628428803542   time_step:    472627
EP:486   reward:1421.41320241536     avg_reward:1413.1127545749662   time_step:    473627
EP:487   reward:1421.1570798160365   avg_reward:1413.1705698394817   time_step:    474627
EP:488   reward:1434.33183958087     avg_reward:1413.3786564965617   time_step:    475627
EP:489   reward:1412.7935906580358   avg_reward:1413.3566873869595   time_step:    476627
EP:490   reward:1428.2289870330108   avg_reward:1413.5379400117504   time_step:    477627
EP:491   reward:1412.3999484695617   avg_reward:1413.5607564653367   time_step:    478627
EP:492   reward:1426.6433794773575   avg_reward:1413.7804683981099   time_step:    479627
EP:493   reward:1422.135412019572    avg_reward:1413.8609784142482   time_step:    480627
EP:494   reward:1428.1597439996317   avg_reward:1413.945844471592    time_step:    481627
EP:495   reward:1417.9393630968698   avg_reward:1414.0537542423472   time_step:    482627
EP:496   reward:1417.4525961084926   avg_reward:1414.0900748073227   time_step:    483627
EP:497   reward:1420.262939732787    avg_reward:1414.1547231780462   time_step:    484627
EP:498   reward:1418.1033132980529   avg_reward:1414.3070461606442   time_step:    485627
EP:499   reward:1417.2919738157514   avg_reward:1414.3829345672182   time_step:    486627
EP:500   reward:1413.5166249444037   avg_reward:1414.380971001481    time_step:    487627
EP:501   reward:1434.5430952683637   avg_reward:1414.6525593491087   time_step:    488627
EP:502   reward:1413.8164362748746   avg_reward:1414.6994620195162   time_step:    489627
EP:503   reward:1421.4475268001202   avg_reward:1414.8165361333458   time_step:    490627
EP:504   reward:1427.5314082402128   avg_reward:1415.006199504175    time_step:    491627
EP:505   reward:1426.033798694981    avg_reward:1415.122288014413    time_step:    492627
EP:506   reward:1415.6410103396136   avg_reward:1415.2573098775722   time_step:    493627
EP:507   reward:1416.492291650402    avg_reward:1415.349448830164    time_step:    494627
EP:508   reward:1424.3929882639798   avg_reward:1415.5365401743084   time_step:    495627
EP:509   reward:1416.0202606565672   avg_reward:1415.6053660428124   time_step:    496627
EP:510   reward:1417.983322584839    avg_reward:1415.7177034721751   time_step:    497627
EP:511   reward:1412.6625788445308   avg_reward:1415.8331570122034   time_step:    498627
EP:512   reward:1427.1029905682053   avg_reward:1416.0251121543129   time_step:    499627
EP:513   reward:1417.419166756037    avg_reward:1416.1647242558265   time_step:    500627
EP:514   reward:1419.8594318671232   avg_reward:1416.2237036379615   time_step:    501627
EP:515   reward:1424.0261177109962   avg_reward:1416.3557914791816   time_step:    502627
EP:516   reward:1419.8207758735966   avg_reward:1416.463011438167    time_step:    503627
EP:517   reward:1425.0096736336677   avg_reward:1416.5288199655274   time_step:    504627
EP:518   reward:1438.518901805797    avg_reward:1416.752369998342    time_step:    505627
EP:519   reward:1420.113210095085    avg_reward:1416.9397326756548   time_step:    506627
EP:520   reward:1427.020501290724    avg_reward:1417.1998777497322   time_step:    507627
EP:521   reward:1423.6775635051415   avg_reward:1417.3804376951107   time_step:    508627
EP:522   reward:1437.4247917119887   avg_reward:1417.7080945665314   time_step:    509627
EP:523   reward:1421.8325222811363   avg_reward:1417.8458784113934   time_step:    510627
EP:524   reward:1430.8960974070346   avg_reward:1418.0779235081093   time_step:    511627
EP:525   reward:1423.547670632412    avg_reward:1418.2512064861576   time_step:    512627
EP:526   reward:1421.6047068681237   avg_reward:1418.3474788149317   time_step:    513627
EP:527   reward:1428.160630219696    avg_reward:1418.5609574189355   time_step:    514627
EP:528   reward:1436.0348925683586   avg_reward:1418.8138839002402   time_step:    515627
EP:529   reward:1427.3239802853002   avg_reward:1419.043863630472    time_step:    516627
EP:530   reward:1427.0005282436302   avg_reward:1419.2320732195253   time_step:    517627
EP:531   reward:1428.661432064599    avg_reward:1419.3834756779916   time_step:    518627
EP:532   reward:1424.8363279160537   avg_reward:1419.6128790039083   time_step:    519627
EP:533   reward:1431.291434567553    avg_reward:1419.7542607138666   time_step:    520627
EP:534   reward:1428.8149289820344   avg_reward:1419.9480271352493   time_step:    521627
EP:535   reward:1433.1648489156855   avg_reward:1420.193264413223    time_step:    522627
EP:536   reward:1433.1779207037962   avg_reward:1420.4753586949246   time_step:    523627
EP:537   reward:1433.549600424778    avg_reward:1420.7453347153453   time_step:    524627
EP:538   reward:1437.0206368417569   avg_reward:1421.0018643597027   time_step:    525627
EP:539   reward:1441.2449964117548   avg_reward:1421.3274563133493   time_step:    526627
EP:540   reward:1424.9453956568357   avg_reward:1421.4912263247004   time_step:    527627
EP:541   reward:1435.2084183698441   avg_reward:1421.6015633761042   time_step:    528627
EP:542   reward:1426.3965836635693   avg_reward:1421.682881706942    time_step:    529627
EP:543   reward:1429.4457088946556   avg_reward:1421.904160642145    time_step:    530627
EP:544   reward:1442.0468861666557   avg_reward:1422.2664096619985   time_step:    531627
EP:545   reward:1432.4319117087362   avg_reward:1422.4641690280012   time_step:    532627
EP:546   reward:1419.1353846243144   avg_reward:1422.5518819186132   time_step:    533627
EP:547   reward:1432.8016993129731   avg_reward:1422.7096390070105   time_step:    534627
EP:548   reward:1433.913423605784    avg_reward:1423.0092021221055   time_step:    535627
EP:549   reward:1426.4256343241018   avg_reward:1423.1361949875388   time_step:    536627
EP:550   reward:1424.1888969316446   avg_reward:1423.2453552878378   time_step:    537627
EP:551   reward:1423.3632412346096   avg_reward:1423.345534430535    time_step:    538627
EP:552   reward:1439.069527246723    avg_reward:1423.5793462323638   time_step:    539627
EP:553   reward:1424.1162387702561   avg_reward:1423.6519976104141   time_step:    540627
EP:554   reward:1428.2788897583066   avg_reward:1423.7157855048083   time_step:    541627
EP:555   reward:1423.2014537645714   avg_reward:1423.791529604179    time_step:    542627
EP:556   reward:1418.8675710251268   avg_reward:1423.8476045575799   time_step:    543627
EP:557   reward:1427.97277739221     avg_reward:1423.9368038939838   time_step:    544627
EP:558   reward:1428.8913992330338   avg_reward:1424.0489685336197   time_step:    545627
EP:559   reward:1425.1912846978491   avg_reward:1424.0818003043769   time_step:    546627
EP:560   reward:1429.3512448189654   avg_reward:1424.1462180385577   time_step:    547627
EP:561   reward:1425.1672993910752   avg_reward:1424.163748585252    time_step:    548627
EP:562   reward:1430.033928502227    avg_reward:1424.2892418522588   time_step:    549627
EP:563   reward:1430.7573654897442   avg_reward:1424.3989093537002   time_step:    550627
EP:564   reward:1427.6421065506588   avg_reward:1424.525311076895    time_step:    551627
EP:565   reward:1425.4128327358837   avg_reward:1424.5437007699848   time_step:    552627
EP:566   reward:1440.9639782655704   avg_reward:1424.8086667070338   time_step:    553627
EP:567   reward:1435.9647319816077   avg_reward:1424.9788138343959   time_step:    554627
EP:568   reward:1434.597330503313    avg_reward:1425.085479435902    time_step:    555627
EP:569   reward:1430.2325462111187   avg_reward:1425.2906042667944   time_step:    556627
EP:570   reward:1438.928788197875    avg_reward:1425.4404658156711   time_step:    557627
EP:571   reward:1444.2252438084859   avg_reward:1425.6192658831526   time_step:    558627
EP:572   reward:1437.2800429970623   avg_reward:1425.7972663863347   time_step:    559627
EP:573   reward:1433.533361853356    avg_reward:1425.8502208795628   time_step:    560627
EP:574   reward:1423.0262385747792   avg_reward:1425.934468939543    time_step:    561627
EP:575   reward:1436.5069130251454   avg_reward:1426.04113060923     time_step:    562627
EP:576   reward:1433.8099564157897   avg_reward:1426.2104794438098   time_step:    563627
EP:577   reward:1418.0882563010518   avg_reward:1426.2737824938893   time_step:    564627
EP:578   reward:1439.5673692435319   avg_reward:1426.4395049416933   time_step:    565627
EP:579   reward:1434.4071374959703   avg_reward:1426.657891652717    time_step:    566627
EP:580   reward:1440.9765128131276   avg_reward:1426.842421302387    time_step:    567627
EP:581   reward:1433.3097434562092   avg_reward:1426.9829879760835   time_step:    568627
EP:582   reward:1430.2294365317389   avg_reward:1427.0310271640587   time_step:    569627
EP:583   reward:1431.5820549363507   avg_reward:1427.164687200678    time_step:    570627
EP:584   reward:1434.9586222119951   avg_reward:1427.3467181950693   time_step:    571627
EP:585   reward:1437.4951654965043   avg_reward:1427.504915264273    time_step:    572627
EP:586   reward:1428.9741241148733   avg_reward:1427.5805244812682   time_step:    573627
EP:587   reward:1419.9307102708538   avg_reward:1427.568260785816    time_step:    574627
EP:588   reward:1432.393319849851    avg_reward:1427.548875588506    time_step:    575627
EP:589   reward:1436.0249944239542   avg_reward:1427.781189626165    time_step:    576627
EP:590   reward:1434.1387103798406   avg_reward:1427.8402868596334   time_step:    577627
EP:591   reward:1430.2964476875688   avg_reward:1428.0192518518134   time_step:    578627
EP:592   reward:1429.363493868568    avg_reward:1428.0464529957255   time_step:    579627
EP:593   reward:1438.714867173337    avg_reward:1428.2122475472631   time_step:    580627
EP:594   reward:1427.984205725619    avg_reward:1428.2104921645234   time_step:    581627
EP:595   reward:1438.6575625034682   avg_reward:1428.4176741585893   time_step:    582627
EP:596   reward:1431.6596339613916   avg_reward:1428.5597445371186   time_step:    583627
EP:597   reward:1436.7963173592605   avg_reward:1428.725078313383    time_step:    584627
EP:598   reward:1435.260137555924    avg_reward:1428.8966465559615   time_step:    585627
EP:599   reward:1425.7898472958625   avg_reward:1428.9816252907628   time_step:    586627
EP:600   reward:1435.927824064584    avg_reward:1429.2057372819647   time_step:    587627
EP:601   reward:1438.424393170568    avg_reward:1429.2445502609867   time_step:    588627
EP:602   reward:1435.4055823641427   avg_reward:1429.4604417218795   time_step:    589627
EP:603   reward:1436.8800422331474   avg_reward:1429.6147668762098   time_step:    590627
EP:604   reward:1433.8206038121089   avg_reward:1429.6776588319285   time_step:    591627
EP:605   reward:1425.8859027329122   avg_reward:1429.676179872308    time_step:    592627
EP:606   reward:1422.7758509392083   avg_reward:1429.747528278304    time_step:    593627
EP:607   reward:1423.9178756839253   avg_reward:1429.8217841186386   time_step:    594627
EP:608   reward:1433.167163166085    avg_reward:1429.9095258676596   time_step:    595627
EP:609   reward:1425.1860735380133   avg_reward:1430.001183996474    time_step:    596627
EP:610   reward:1434.0456542891836   avg_reward:1430.1618073135178   time_step:    597627
EP:611   reward:1435.4734211461678   avg_reward:1430.3899157365338   time_step:    598627
EP:612   reward:1434.6780616941314   avg_reward:1430.4656664477934   time_step:    599627
EP:613   reward:1440.0675781792736   avg_reward:1430.6921505620257   time_step:    600627
